\BOOKMARK [1][-]{section.1}{Introduction}{}% 1
\BOOKMARK [2][-]{subsection.1.1}{Project Summary}{section.1}% 2
\BOOKMARK [2][-]{subsection.1.2}{Document Purpose}{section.1}% 3
\BOOKMARK [2][-]{subsection.1.3}{Definition of Terms}{section.1}% 4
\BOOKMARK [3][-]{subsubsection.1.3.1}{Arduino IDE}{subsection.1.3}% 5
\BOOKMARK [3][-]{subsubsection.1.3.2}{Pulse}{subsection.1.3}% 6
\BOOKMARK [1][-]{section.2}{Team Meetings and Minutes}{}% 7
\BOOKMARK [2][-]{subsection.2.1}{9/14/2017 Team Meeting 1 Notes}{section.2}% 8
\BOOKMARK [2][-]{subsection.2.2}{10/05/2017 Team Meeting 2 Notes}{section.2}% 9
\BOOKMARK [2][-]{subsection.2.3}{11/02/2017 Team Meeting 3 Notes}{section.2}% 10
\BOOKMARK [1][-]{section.3}{Client Meetings and Minutes}{}% 11
\BOOKMARK [2][-]{subsection.3.1}{9/08/2017 Client Meeting 1 Notes - With Dr.Rinker}{section.3}% 12
\BOOKMARK [2][-]{subsection.3.2}{9/22/2017 Client Meeting 2 Notes - With Dr.Rinker}{section.3}% 13
\BOOKMARK [2][-]{subsection.3.3}{11/03/2017 Client Meeting 3 Notes - With Dr.Rinker}{section.3}% 14
\BOOKMARK [1][-]{section.4}{Project Learning}{}% 15
\BOOKMARK [2][-]{subsection.4.1}{Team Info}{section.4}% 16
\BOOKMARK [2][-]{subsection.4.2}{Proof of Design}{section.4}% 17
\BOOKMARK [2][-]{subsection.4.3}{Problem Statement}{section.4}% 18
\BOOKMARK [1][-]{section.5}{Design Goals}{}% 19
\BOOKMARK [2][-]{subsection.5.1}{Client Needs}{section.5}% 20
\BOOKMARK [2][-]{subsection.5.2}{Project Goal}{section.5}% 21
\BOOKMARK [2][-]{subsection.5.3}{Timeline}{section.5}% 22
\BOOKMARK [1][-]{section.6}{Specifications and Constraints}{}% 23
\BOOKMARK [2][-]{subsection.6.1}{Arduino / Receiver Design Specification}{section.6}% 24
\BOOKMARK [2][-]{subsection.6.2}{Battery Design Specification}{section.6}% 25
\BOOKMARK [2][-]{subsection.6.3}{LED Design Specification}{section.6}% 26
\BOOKMARK [2][-]{subsection.6.4}{Wireless Design Specification}{section.6}% 27
\BOOKMARK [1][-]{section.7}{System Diagrams}{}% 28
\BOOKMARK [2][-]{subsection.7.1}{Current Product}{section.7}% 29
\BOOKMARK [2][-]{subsection.7.2}{Desired Product}{section.7}% 30
\BOOKMARK [2][-]{subsection.7.3}{PC Running TowerPlayer}{section.7}% 31
\BOOKMARK [1][-]{section.8}{Analysis of Alternatives}{}% 32
\BOOKMARK [1][-]{section.9}{Engineering Model}{}% 33
\BOOKMARK [1][-]{section.10}{Manufacturing/Assembly Plan}{}% 34
\BOOKMARK [1][-]{section.11}{Experimental Design}{}% 35
\BOOKMARK [1][-]{section.12}{Data Analysis}{}% 36
\BOOKMARK [1][-]{section.13}{Balance Sheet}{}% 37
\BOOKMARK [2][-]{subsection.13.1}{Budget}{section.13}% 38
\BOOKMARK [2][-]{subsection.13.2}{Hardware Decisions}{section.13}% 39
\BOOKMARK [2][-]{subsection.13.3}{Hardware List/Cost of Materials}{section.13}% 40
\BOOKMARK [1][-]{section.14}{Other Items}{}% 41
\BOOKMARK [2][-]{subsection.14.1}{Team Wiki Page}{section.14}% 42
\BOOKMARK [2][-]{subsection.14.2}{LEaD Design Team Contract}{section.14}% 43
