This is pdfTeX, Version 3.14159265-2.6-1.40.16 (TeX Live 2015/Debian) (preloaded format=pdflatex 2017.8.31)  5 MAR 2018 18:41
entering extended mode
 restricted \write18 enabled.
 %&-line parsing enabled.
**TeamPortfolio_LEaD_Design.tex
(./TeamPortfolio_LEaD_Design.tex
LaTeX2e <2016/02/01>
Babel <3.9q> and hyphenation patterns for 3 language(s) loaded.
(/usr/share/texlive/texmf-dist/tex/latex/base/article.cls
Document Class: article 2014/09/29 v1.4h Standard LaTeX document class
(/usr/share/texlive/texmf-dist/tex/latex/base/size12.clo
File: size12.clo 2014/09/29 v1.4h Standard LaTeX file (size option)
)
\c@part=\count79
\c@section=\count80
\c@subsection=\count81
\c@subsubsection=\count82
\c@paragraph=\count83
\c@subparagraph=\count84
\c@figure=\count85
\c@table=\count86
\abovecaptionskip=\skip41
\belowcaptionskip=\skip42
\bibindent=\dimen102
)
(/usr/share/texlive/texmf-dist/tex/latex/geometry/geometry.sty
Package: geometry 2010/09/12 v5.6 Page Geometry

(/usr/share/texlive/texmf-dist/tex/latex/graphics/keyval.sty
Package: keyval 2014/10/28 v1.15 key=value parser (DPC)
\KV@toks@=\toks14
)
(/usr/share/texlive/texmf-dist/tex/generic/oberdiek/ifpdf.sty
Package: ifpdf 2011/01/30 v2.3 Provides the ifpdf switch (HO)
Package ifpdf Info: pdfTeX in PDF mode is detected.
)
(/usr/share/texlive/texmf-dist/tex/generic/oberdiek/ifvtex.sty
Package: ifvtex 2010/03/01 v1.5 Detect VTeX and its facilities (HO)
Package ifvtex Info: VTeX not detected.
)
(/usr/share/texlive/texmf-dist/tex/generic/ifxetex/ifxetex.sty
Package: ifxetex 2010/09/12 v0.6 Provides ifxetex conditional
)
\Gm@cnth=\count87
\Gm@cntv=\count88
\c@Gm@tempcnt=\count89
\Gm@bindingoffset=\dimen103
\Gm@wd@mp=\dimen104
\Gm@odd@mp=\dimen105
\Gm@even@mp=\dimen106
\Gm@layoutwidth=\dimen107
\Gm@layoutheight=\dimen108
\Gm@layouthoffset=\dimen109
\Gm@layoutvoffset=\dimen110
\Gm@dimlist=\toks15
)
(/usr/share/texlive/texmf-dist/tex/latex/float/float.sty
Package: float 2001/11/08 v1.3d Float enhancements (AL)
\c@float@type=\count90
\float@exts=\toks16
\float@box=\box26
\@float@everytoks=\toks17
\@floatcapt=\box27
)
(/usr/share/texlive/texmf-dist/tex/latex/lipsum/lipsum.sty
Package: lipsum 2014/07/27 v1.3 150 paragraphs of Lorem Ipsum dummy text
\c@lips@count=\count91
)
(/usr/share/texlive/texmf-dist/tex/latex/parskip/parskip.sty
Package: parskip 2001/04/09 non-zero parskip adjustments
)
(/usr/share/texlive/texmf-dist/tex/latex/bbding/bbding.sty
Package: bbding 1999/04/15 v1.01 Dingbats symbols
)
(/usr/share/texlive/texmf-dist/tex/latex/amsfonts/amssymb.sty
Package: amssymb 2013/01/14 v3.01 AMS font symbols

(/usr/share/texlive/texmf-dist/tex/latex/amsfonts/amsfonts.sty
Package: amsfonts 2013/01/14 v3.01 Basic AMSFonts support
\@emptytoks=\toks18
\symAMSa=\mathgroup4
\symAMSb=\mathgroup5
LaTeX Font Info:    Overwriting math alphabet `\mathfrak' in version `bold'
(Font)                  U/euf/m/n --> U/euf/b/n on input line 106.
))
(/usr/share/texlive/texmf-dist/tex/latex/titlesec/titlesec.sty
Package: titlesec 2016/03/15 v2.10.1 Sectioning titles
\ttl@box=\box28
\beforetitleunit=\skip43
\aftertitleunit=\skip44
\ttl@plus=\dimen111
\ttl@minus=\dimen112
\ttl@toksa=\toks19
\titlewidth=\dimen113
\titlewidthlast=\dimen114
\titlewidthfirst=\dimen115
)
(/usr/share/texlive/texmf-dist/tex/latex/graphics/graphicx.sty
Package: graphicx 2014/10/28 v1.0g Enhanced LaTeX Graphics (DPC,SPQR)

(/usr/share/texlive/texmf-dist/tex/latex/graphics/graphics.sty
Package: graphics 2016/01/03 v1.0q Standard LaTeX Graphics (DPC,SPQR)

(/usr/share/texlive/texmf-dist/tex/latex/graphics/trig.sty
Package: trig 2016/01/03 v1.10 sin cos tan (DPC)
)
(/usr/share/texlive/texmf-dist/tex/latex/latexconfig/graphics.cfg
File: graphics.cfg 2010/04/23 v1.9 graphics configuration of TeX Live
)
Package graphics Info: Driver file: pdftex.def on input line 95.

(/usr/share/texlive/texmf-dist/tex/latex/pdftex-def/pdftex.def
File: pdftex.def 2011/05/27 v0.06d Graphics/color for pdfTeX

(/usr/share/texlive/texmf-dist/tex/generic/oberdiek/infwarerr.sty
Package: infwarerr 2010/04/08 v1.3 Providing info/warning/error messages (HO)
)
(/usr/share/texlive/texmf-dist/tex/generic/oberdiek/ltxcmds.sty
Package: ltxcmds 2011/11/09 v1.22 LaTeX kernel commands for general use (HO)
)
\Gread@gobject=\count92
))
\Gin@req@height=\dimen116
\Gin@req@width=\dimen117
)
(/usr/share/texlive/texmf-dist/tex/latex/hyperref/hyperref.sty
Package: hyperref 2012/11/06 v6.83m Hypertext links for LaTeX

(/usr/share/texlive/texmf-dist/tex/generic/oberdiek/hobsub-hyperref.sty
Package: hobsub-hyperref 2012/05/28 v1.13 Bundle oberdiek, subset hyperref (HO)


(/usr/share/texlive/texmf-dist/tex/generic/oberdiek/hobsub-generic.sty
Package: hobsub-generic 2012/05/28 v1.13 Bundle oberdiek, subset generic (HO)
Package: hobsub 2012/05/28 v1.13 Construct package bundles (HO)
Package hobsub Info: Skipping package `infwarerr' (already loaded).
Package hobsub Info: Skipping package `ltxcmds' (already loaded).
Package: ifluatex 2010/03/01 v1.3 Provides the ifluatex switch (HO)
Package ifluatex Info: LuaTeX not detected.
Package hobsub Info: Skipping package `ifvtex' (already loaded).
Package: intcalc 2007/09/27 v1.1 Expandable calculations with integers (HO)
Package hobsub Info: Skipping package `ifpdf' (already loaded).
Package: etexcmds 2011/02/16 v1.5 Avoid name clashes with e-TeX commands (HO)
Package etexcmds Info: Could not find \expanded.
(etexcmds)             That can mean that you are not using pdfTeX 1.50 or
(etexcmds)             that some package has redefined \expanded.
(etexcmds)             In the latter case, load this package earlier.
Package: kvsetkeys 2012/04/25 v1.16 Key value parser (HO)
Package: kvdefinekeys 2011/04/07 v1.3 Define keys (HO)
Package: pdftexcmds 2011/11/29 v0.20 Utility functions of pdfTeX for LuaTeX (HO
)
Package pdftexcmds Info: LuaTeX not detected.
Package pdftexcmds Info: \pdf@primitive is available.
Package pdftexcmds Info: \pdf@ifprimitive is available.
Package pdftexcmds Info: \pdfdraftmode found.
Package: pdfescape 2011/11/25 v1.13 Implements pdfTeX's escape features (HO)
Package: bigintcalc 2012/04/08 v1.3 Expandable calculations on big integers (HO
)
Package: bitset 2011/01/30 v1.1 Handle bit-vector datatype (HO)
Package: uniquecounter 2011/01/30 v1.2 Provide unlimited unique counter (HO)
)
Package hobsub Info: Skipping package `hobsub' (already loaded).
Package: letltxmacro 2010/09/02 v1.4 Let assignment for LaTeX macros (HO)
Package: hopatch 2012/05/28 v1.2 Wrapper for package hooks (HO)
Package: xcolor-patch 2011/01/30 xcolor patch
Package: atveryend 2011/06/30 v1.8 Hooks at the very end of document (HO)
Package atveryend Info: \enddocument detected (standard20110627).
Package: atbegshi 2011/10/05 v1.16 At begin shipout hook (HO)
Package: refcount 2011/10/16 v3.4 Data extraction from label references (HO)
Package: hycolor 2011/01/30 v1.7 Color options for hyperref/bookmark (HO)
)
(/usr/share/texlive/texmf-dist/tex/latex/oberdiek/auxhook.sty
Package: auxhook 2011/03/04 v1.3 Hooks for auxiliary files (HO)
)
(/usr/share/texlive/texmf-dist/tex/latex/oberdiek/kvoptions.sty
Package: kvoptions 2011/06/30 v3.11 Key value format for package options (HO)
)
\@linkdim=\dimen118
\Hy@linkcounter=\count93
\Hy@pagecounter=\count94

(/usr/share/texlive/texmf-dist/tex/latex/hyperref/pd1enc.def
File: pd1enc.def 2012/11/06 v6.83m Hyperref: PDFDocEncoding definition (HO)
)
\Hy@SavedSpaceFactor=\count95

(/usr/share/texlive/texmf-dist/tex/latex/latexconfig/hyperref.cfg
File: hyperref.cfg 2002/06/06 v1.2 hyperref configuration of TeXLive
)
Package hyperref Info: Hyper figures OFF on input line 4443.
Package hyperref Info: Link nesting OFF on input line 4448.
Package hyperref Info: Hyper index ON on input line 4451.
Package hyperref Info: Plain pages OFF on input line 4458.
Package hyperref Info: Backreferencing OFF on input line 4463.
Package hyperref Info: Implicit mode ON; LaTeX internals redefined.
Package hyperref Info: Bookmarks ON on input line 4688.
\c@Hy@tempcnt=\count96

(/usr/share/texlive/texmf-dist/tex/latex/url/url.sty
\Urlmuskip=\muskip10
Package: url 2013/09/16  ver 3.4  Verb mode for urls, etc.
)
LaTeX Info: Redefining \url on input line 5041.
\XeTeXLinkMargin=\dimen119
\Fld@menulength=\count97
\Field@Width=\dimen120
\Fld@charsize=\dimen121
Package hyperref Info: Hyper figures OFF on input line 6295.
Package hyperref Info: Link nesting OFF on input line 6300.
Package hyperref Info: Hyper index ON on input line 6303.
Package hyperref Info: backreferencing OFF on input line 6310.
Package hyperref Info: Link coloring OFF on input line 6315.
Package hyperref Info: Link coloring with OCG OFF on input line 6320.
Package hyperref Info: PDF/A mode OFF on input line 6325.
LaTeX Info: Redefining \ref on input line 6365.
LaTeX Info: Redefining \pageref on input line 6369.
\Hy@abspage=\count98
\c@Item=\count99
\c@Hfootnote=\count100
)

Package hyperref Message: Driver (autodetected): hpdftex.

(/usr/share/texlive/texmf-dist/tex/latex/hyperref/hpdftex.def
File: hpdftex.def 2012/11/06 v6.83m Hyperref driver for pdfTeX
\Fld@listcount=\count101
\c@bookmark@seq@number=\count102

(/usr/share/texlive/texmf-dist/tex/latex/oberdiek/rerunfilecheck.sty
Package: rerunfilecheck 2011/04/15 v1.7 Rerun checks for auxiliary files (HO)
Package uniquecounter Info: New unique counter `rerunfilecheck' on input line 2
82.
)
\Hy@SectionHShift=\skip45
)
(/usr/share/texlive/texmf-dist/tex/latex/setspace/setspace.sty
Package: setspace 2011/12/19 v6.7a set line spacing
)
(/usr/share/texlive/texmf-dist/tex/generic/ulem/ulem.sty
\UL@box=\box29
\UL@hyphenbox=\box30
\UL@skip=\skip46
\UL@hook=\toks20
\UL@height=\dimen122
\UL@pe=\count103
\UL@pixel=\dimen123
\ULC@box=\box31
Package: ulem 2012/05/18
\ULdepth=\dimen124
)
(/usr/share/texlive/texmf-dist/tex/latex/placeins/placeins.sty
Package: placeins 2005/04/18  v 2.2
)
(/usr/share/texlive/texmf-dist/tex/latex/appendix/appendix.sty
Package: appendix 2009/09/02 v1.2b extra appendix facilities
\c@@pps=\count104
\c@@ppsavesec=\count105
\c@@ppsaveapp=\count106
)
\c@subsubsubsection=\count107
Package hyperref Info: Option `colorlinks' set `true' on input line 17.

(/usr/share/texlive/texmf-dist/tex/latex/pdfpages/pdfpages.sty
Package: pdfpages 2015/09/18 v0.5d Insert pages of external PDF documents (AM)

(/usr/share/texlive/texmf-dist/tex/latex/base/ifthen.sty
Package: ifthen 2014/09/29 v1.1c Standard LaTeX ifthen package (DPC)
)
(/usr/share/texlive/texmf-dist/tex/latex/tools/calc.sty
Package: calc 2014/10/28 v4.3 Infix arithmetic (KKT,FJ)
\calc@Acount=\count108
\calc@Bcount=\count109
\calc@Adimen=\dimen125
\calc@Bdimen=\dimen126
\calc@Askip=\skip47
\calc@Bskip=\skip48
LaTeX Info: Redefining \setlength on input line 80.
LaTeX Info: Redefining \addtolength on input line 81.
\calc@Ccount=\count110
\calc@Cskip=\skip49
)
(/usr/share/texlive/texmf-dist/tex/latex/eso-pic/eso-pic.sty
Package: eso-pic 2015/07/21 v2.0g eso-pic (RN)

(/usr/share/texlive/texmf-dist/tex/latex/xcolor/xcolor.sty
Package: xcolor 2007/01/21 v2.11 LaTeX color extensions (UK)

(/usr/share/texlive/texmf-dist/tex/latex/latexconfig/color.cfg
File: color.cfg 2007/01/18 v1.5 color configuration of teTeX/TeXLive
)
Package xcolor Info: Driver file: pdftex.def on input line 225.
Package xcolor Info: Model `cmy' substituted by `cmy0' on input line 1337.
Package xcolor Info: Model `hsb' substituted by `rgb' on input line 1341.
Package xcolor Info: Model `RGB' extended on input line 1353.
Package xcolor Info: Model `HTML' substituted by `rgb' on input line 1355.
Package xcolor Info: Model `Hsb' substituted by `hsb' on input line 1356.
Package xcolor Info: Model `tHsb' substituted by `hsb' on input line 1357.
Package xcolor Info: Model `HSB' substituted by `hsb' on input line 1358.
Package xcolor Info: Model `Gray' substituted by `gray' on input line 1359.
Package xcolor Info: Model `wave' substituted by `hsb' on input line 1360.
))
\AM@pagewidth=\dimen127
\AM@pageheight=\dimen128

(/usr/share/texlive/texmf-dist/tex/latex/pdfpages/pppdftex.def
File: pppdftex.def 2015/09/18 v0.5d Pdfpages driver for pdfTeX (AM)
)
\AM@pagebox=\box32
\AM@toc@title=\toks21
\c@AM@survey=\count111
\AM@templatesizebox=\box33
)
(/usr/share/texlive/texmf-dist/tex/latex/caption/caption.sty
Package: caption 2016/02/21 v3.3-144 Customizing captions (AR)

(/usr/share/texlive/texmf-dist/tex/latex/caption/caption3.sty
Package: caption3 2016/02/04 v1.7-139 caption3 kernel (AR)
Package caption3 Info: TeX engine: e-TeX on input line 67.
\captionmargin=\dimen129
\captionmargin@=\dimen130
\captionwidth=\dimen131
\caption@tempdima=\dimen132
\caption@indent=\dimen133
\caption@parindent=\dimen134
\caption@hangindent=\dimen135
)
\c@ContinuedFloat=\count112
Package caption Info: float package is loaded.
Package caption Info: hyperref package is loaded.
)
(./TeamPortfolio_LEaD_Design.aux

LaTeX Warning: Label `overflow' multiply defined.


LaTeX Warning: Label `overflow' multiply defined.


LaTeX Warning: Label `overflow' multiply defined.


LaTeX Warning: Label `overflow' multiply defined.


LaTeX Warning: Label `overflow' multiply defined.


LaTeX Warning: Label `overflow' multiply defined.


LaTeX Warning: Label `overflow' multiply defined.


LaTeX Warning: Label `overflow' multiply defined.


LaTeX Warning: Label `overflow' multiply defined.


LaTeX Warning: Label `overflow' multiply defined.


LaTeX Warning: Label `overflow' multiply defined.


LaTeX Warning: Label `overflow' multiply defined.


LaTeX Warning: Label `overflow' multiply defined.


LaTeX Warning: Label `overflow' multiply defined.


LaTeX Warning: Label `overflow' multiply defined.


LaTeX Warning: Label `overflow' multiply defined.

)
\openout1 = `TeamPortfolio_LEaD_Design.aux'.

LaTeX Font Info:    Checking defaults for OML/cmm/m/it on input line 32.
LaTeX Font Info:    ... okay on input line 32.
LaTeX Font Info:    Checking defaults for T1/cmr/m/n on input line 32.
LaTeX Font Info:    ... okay on input line 32.
LaTeX Font Info:    Checking defaults for OT1/cmr/m/n on input line 32.
LaTeX Font Info:    ... okay on input line 32.
LaTeX Font Info:    Checking defaults for OMS/cmsy/m/n on input line 32.
LaTeX Font Info:    ... okay on input line 32.
LaTeX Font Info:    Checking defaults for OMX/cmex/m/n on input line 32.
LaTeX Font Info:    ... okay on input line 32.
LaTeX Font Info:    Checking defaults for U/cmr/m/n on input line 32.
LaTeX Font Info:    ... okay on input line 32.
LaTeX Font Info:    Checking defaults for PD1/pdf/m/n on input line 32.
LaTeX Font Info:    ... okay on input line 32.

*geometry* driver: auto-detecting
*geometry* detected driver: pdftex
*geometry* verbose mode - [ preamble ] result:
* driver: pdftex
* paper: custom
* layout: <same size as paper>
* layoutoffset:(h,v)=(0.0pt,0.0pt)
* modes: 
* h-part:(L,W,R)=(72.26999pt, 469.75502pt, 72.26999pt)
* v-part:(T,H,B)=(72.26999pt, 650.43001pt, 72.26999pt)
* \paperwidth=614.295pt
* \paperheight=794.96999pt
* \textwidth=469.75502pt
* \textheight=650.43001pt
* \oddsidemargin=0.0pt
* \evensidemargin=0.0pt
* \topmargin=-37.0pt
* \headheight=12.0pt
* \headsep=25.0pt
* \topskip=12.0pt
* \footskip=30.0pt
* \marginparwidth=44.0pt
* \marginparsep=10.0pt
* \columnsep=10.0pt
* \skip\footins=10.8pt plus 4.0pt minus 2.0pt
* \hoffset=0.0pt
* \voffset=0.0pt
* \mag=1000
* \@twocolumnfalse
* \@twosidefalse
* \@mparswitchfalse
* \@reversemarginfalse
* (1in=72.27pt=25.4mm, 1cm=28.453pt)

(/usr/share/texlive/texmf-dist/tex/context/base/supp-pdf.mkii
[Loading MPS to PDF converter (version 2006.09.02).]
\scratchcounter=\count113
\scratchdimen=\dimen136
\scratchbox=\box34
\nofMPsegments=\count114
\nofMParguments=\count115
\everyMPshowfont=\toks22
\MPscratchCnt=\count116
\MPscratchDim=\dimen137
\MPnumerator=\count117
\makeMPintoPDFobject=\count118
\everyMPtoPDFconversion=\toks23
) (/usr/share/texlive/texmf-dist/tex/latex/oberdiek/epstopdf-base.sty
Package: epstopdf-base 2010/02/09 v2.5 Base part for package epstopdf

(/usr/share/texlive/texmf-dist/tex/latex/oberdiek/grfext.sty
Package: grfext 2010/08/19 v1.1 Manage graphics extensions (HO)
)
Package grfext Info: Graphics extension search list:
(grfext)             [.png,.pdf,.jpg,.mps,.jpeg,.jbig2,.jb2,.PNG,.PDF,.JPG,.JPE
G,.JBIG2,.JB2,.eps]
(grfext)             \AppendGraphicsExtensions on input line 452.

(/usr/share/texlive/texmf-dist/tex/latex/latexconfig/epstopdf-sys.cfg
File: epstopdf-sys.cfg 2010/07/13 v1.3 Configuration of (r)epstopdf for TeX Liv
e
))
\AtBeginShipoutBox=\box35
Package hyperref Info: Link coloring ON on input line 32.

(/usr/share/texlive/texmf-dist/tex/latex/hyperref/nameref.sty
Package: nameref 2012/10/27 v2.43 Cross-referencing by name of section

(/usr/share/texlive/texmf-dist/tex/generic/oberdiek/gettitlestring.sty
Package: gettitlestring 2010/12/03 v1.4 Cleanup title references (HO)
)
\c@section@level=\count119
)
LaTeX Info: Redefining \ref on input line 32.
LaTeX Info: Redefining \pageref on input line 32.
LaTeX Info: Redefining \nameref on input line 32.

(./TeamPortfolio_LEaD_Design.out) (./TeamPortfolio_LEaD_Design.out)
\@outlinefile=\write3
\openout3 = `TeamPortfolio_LEaD_Design.out'.


(/usr/share/texlive/texmf-dist/tex/latex/oberdiek/pdflscape.sty
Package: pdflscape 2008/08/11 v0.10 Display of landscape pages in PDF (HO)

(/usr/share/texlive/texmf-dist/tex/latex/graphics/lscape.sty
Package: lscape 2000/10/22 v3.01 Landscape Pages (DPC)
)
Package pdflscape Info: Auto-detected driver: pdftex on input line 80.
)
Package caption Info: Begin \AtBeginDocument code.
Package caption Info: End \AtBeginDocument code.
LaTeX Font Info:    Try loading font information for U+msa on input line 53.

(/usr/share/texlive/texmf-dist/tex/latex/amsfonts/umsa.fd
File: umsa.fd 2013/01/14 v3.01 AMS symbols A
)
LaTeX Font Info:    Try loading font information for U+msb on input line 53.

(/usr/share/texlive/texmf-dist/tex/latex/amsfonts/umsb.fd
File: umsb.fd 2013/01/14 v3.01 AMS symbols B
)
<assets/uislogan.png, id=233, 1203.49625pt x 243.91125pt>
File: assets/uislogan.png Graphic file (type png)

<use assets/uislogan.png>
Package pdftex.def Info: assets/uislogan.png used on input line 68.
(pdftex.def)             Requested size: 328.82707pt x 66.64221pt.
 (./TeamPortfolio_LEaD_Design.toc [1

{/var/lib/texmf/fonts/map/pdftex/updmap/pdftex.map} <./assets/uislogan.png>] [2
])
\tf@toc=\write4
\openout4 = `TeamPortfolio_LEaD_Design.toc'.

 [3]
Overfull \hbox (6.12978pt too wide) in paragraph at lines 80--84
\OT1/cmr/m/n/12 This doc-u-men-ta-tion lives at [][]$\OT1/cmtt/m/n/12 https : /
 / github . com / YupHio / LEaD _ Design / tree / master / Doc /
 []

LaTeX Font Info:    Try loading font information for OMS+cmr on input line 90.
(/usr/share/texlive/texmf-dist/tex/latex/base/omscmr.fd
File: omscmr.fd 2014/09/29 v2.5h Standard LaTeX font definitions
)
LaTeX Font Info:    Font shape `OMS/cmr/m/n' in size <12> not available
(Font)              Font shape `OMS/cmsy/m/n' tried instead on input line 90.
 [4] [5]
<assets/9-14_Project_Agenda_1.jpg, id=329, 1523.6925pt x 2031.59pt>
File: assets/9-14_Project_Agenda_1.jpg Graphic file (type jpg)

<use assets/9-14_Project_Agenda_1.jpg>
Package pdftex.def Info: assets/9-14_Project_Agenda_1.jpg used on input line 12
7.
(pdftex.def)             Requested size: 398.33858pt x 531.1149pt.

<assets/9-14_Project_Agenda_2.jpg, id=330, 2031.59pt x 1523.6925pt>
File: assets/9-14_Project_Agenda_2.jpg Graphic file (type jpg)

<use assets/9-14_Project_Agenda_2.jpg>
Package pdftex.def Info: assets/9-14_Project_Agenda_2.jpg used on input line 13
3.
(pdftex.def)             Requested size: 398.33858pt x 298.7347pt.
 [6] [7 <./assets/9-14_Project_Agenda_1.jpg>] [8 <./assets/9-14_Project_Agenda_
2.jpg>]
Missing character: There is no ‚ in font cmr12!
Missing character: There is no Ä in font cmr12!
Missing character: There is no ô in font cmr12!
 [9

]
Missing character: There is no ‚ in font cmr12!
Missing character: There is no Ä in font cmr12!
Missing character: There is no ô in font cmr12!

Underfull \hbox (badness 10000) in paragraph at lines 192--194

 []


Underfull \hbox (badness 10000) in paragraph at lines 195--197

 []


Underfull \hbox (badness 10000) in paragraph at lines 198--200

 []


Underfull \hbox (badness 10000) in paragraph at lines 201--203

 []


Underfull \hbox (badness 10000) in paragraph at lines 204--206

 []


Underfull \hbox (badness 10000) in paragraph at lines 211--212

 []

[10] [11

] [12

] [13

] [14

]
Missing character: There is no ‚ in font cmr12!
Missing character: There is no Ä in font cmr12!
Missing character: There is no ô in font cmr12!
 [15

]
Missing character: There is no ‚ in font cmr12!
Missing character: There is no Ä in font cmr12!
Missing character: There is no ô in font cmr12!
Missing character: There is no ‚ in font cmr12!
Missing character: There is no Ä in font cmr12!
Missing character: There is no ô in font cmr12!
 [16

]
Underfull \hbox (badness 10000) in paragraph at lines 373--375

 []

Missing character: There is no ‚ in font cmr12!
Missing character: There is no Ä in font cmr12!
Missing character: There is no ú in font cmr12!
Missing character: There is no ‚ in font cmr12!
Missing character: There is no Ä in font cmr12!
Missing character: There is no ù in font cmr12!

Underfull \hbox (badness 10000) in paragraph at lines 376--378

 []

Missing character: There is no ‚ in font cmr12!
Missing character: There is no Ä in font cmr12!
Missing character: There is no ô in font cmr12!

Underfull \hbox (badness 10000) in paragraph at lines 379--381

 []

Missing character: There is no ‚ in font cmr12!
Missing character: There is no Ä in font cmr12!
Missing character: There is no ô in font cmr12!
Missing character: There is no ‚ in font cmr12!
Missing character: There is no Ä in font cmr12!
Missing character: There is no ô in font cmr12!

Underfull \hbox (badness 10000) in paragraph at lines 382--384

 []


Underfull \hbox (badness 10000) in paragraph at lines 385--387

 []


Underfull \hbox (badness 10000) in paragraph at lines 388--390

 []


Underfull \hbox (badness 10000) in paragraph at lines 391--393

 []

[17

] [18

] <assets/Team_Info.png, id=387, 1706.375pt x 2208.25pt>
File: assets/Team_Info.png Graphic file (type png)

<use assets/Team_Info.png>
Package pdftex.def Info: assets/Team_Info.png used on input line 453.
(pdftex.def)             Requested size: 199.15817pt x 256.04935pt.
 [19

 <./assets/Team_Info.png>]
<assets/Proof_Of_Design.png, id=395, 1706.375pt x 2208.25pt>
File: assets/Proof_Of_Design.png Graphic file (type png)

<use assets/Proof_Of_Design.png>
Package pdftex.def Info: assets/Proof_Of_Design.png used on input line 503.
(pdftex.def)             Requested size: 341.42517pt x 398.31023pt.
 [20] [21 <./assets/Proof_Of_Design.png>]
<assets/2_Problem_Statement_Update.pdf, id=406, 614.295pt x 794.97pt>
File: assets/2_Problem_Statement_Update.pdf Graphic file (type pdf)

<use assets/2_Problem_Statement_Update.pdf>
Package pdftex.def Info: assets/2_Problem_Statement_Update.pdf used on input li
ne 515.
(pdftex.def)             Requested size: 341.43454pt x 398.34528pt.
 [22

 <./assets/2_Problem_Statement_Update.pdf

pdfTeX warning: /usr/bin/pdflatex (file ./assets/2_Problem_Statement_Update.pdf
): PDF inclusion: invalid other resource which is no dict (key 'ProcSets', type
 <array>); ignored.
>] <assets/3_General_Specifications.pdf, id=425, 614.295pt x 794.97pt>
File: assets/3_General_Specifications.pdf Graphic file (type pdf)

<use assets/3_General_Specifications.pdf>
Package pdftex.def Info: assets/3_General_Specifications.pdf used on input line
 525.
(pdftex.def)             Requested size: 341.43454pt x 398.34528pt.
 [23

 <./assets/3_General_Specifications.pdf

pdfTeX warning: /usr/bin/pdflatex (file ./assets/3_General_Specifications.pdf):
 PDF inclusion: invalid other resource which is no dict (key 'ProcSets', type <
array>); ignored.
>] <assets/Lightbar_Model.jpg, id=439, 1245.9047pt x 490.83376pt>
File: assets/Lightbar_Model.jpg Graphic file (type jpg)

<use assets/Lightbar_Model.jpg>
Package pdftex.def Info: assets/Lightbar_Model.jpg used on input line 533.
(pdftex.def)             Requested size: 483.69684pt x 190.5556pt.

Overfull \hbox (13.94182pt too wide) in paragraph at lines 533--534
 [][] 
 []

[24

 <./assets/Lightbar_Model.jpg>] [25

] [26

]
Underfull \hbox (badness 10000) in paragraph at lines 621--625

 []

[27

]
Overfull \hbox (5.87373pt too wide) in paragraph at lines 629--645
[]
 []


Underfull \hbox (badness 10000) in paragraph at lines 629--645

 []

[28] <assets/Arduino_Receiver_Diagram.png, id=463, 1021.56656pt x 461.47406pt>
File: assets/Arduino_Receiver_Diagram.png Graphic file (type png)

<use assets/Arduino_Receiver_Diagram.png>
Package pdftex.def Info: assets/Arduino_Receiver_Diagram.png used on input line
 655.
(pdftex.def)             Requested size: 398.33142pt x 270.30273pt.
Missing character: There is no ‚ in font cmr12!
Missing character: There is no Ä in font cmr12!
Missing character: There is no ô in font cmr12!
 [29 <./assets/Arduino_Receiver_Diagram.png>]
Missing character: There is no ‚ in font cmr12!
Missing character: There is no Ä in font cmr12!
Missing character: There is no ì in font cmr12!
 <assets/9V_Battery.jpg, id=471, 1385.175pt x 849.1725pt>
File: assets/9V_Battery.jpg Graphic file (type jpg)

<use assets/9V_Battery.jpg>
Package pdftex.def Info: assets/9V_Battery.jpg used on input line 706.
(pdftex.def)             Requested size: 455.22806pt x 284.52962pt.

<assets/18650_Battery.jpg, id=472, 1385.175pt x 852.18375pt>
File: assets/18650_Battery.jpg Graphic file (type jpg)

<use assets/18650_Battery.jpg>
Package pdftex.def Info: assets/18650_Battery.jpg used on input line 712.
(pdftex.def)             Requested size: 455.22806pt x 284.52432pt.
 [30]

LaTeX Warning: Text page 31 contains only floats.


Overfull \vbox (3.6239pt too high) has occurred while \output is active []


[31 <./assets/9V_Battery.jpg> <./assets/18650_Battery.jpg>]
<assets/SeriesLED.jpg, id=484, 389.2725pt x 225.6795pt>
File: assets/SeriesLED.jpg Graphic file (type jpg)

<use assets/SeriesLED.jpg>
Package pdftex.def Info: assets/SeriesLED.jpg used on input line 739.
(pdftex.def)             Requested size: 490.82451pt x 284.52756pt.

Overfull \hbox (21.06949pt too wide) in paragraph at lines 739--740
 [][] 
 []

<assets/ParallelLED.jpg, id=485, 514.17094pt x 417.81094pt>
File: assets/ParallelLED.jpg Graphic file (type jpg)

<use assets/ParallelLED.jpg>
Package pdftex.def Info: assets/ParallelLED.jpg used on input line 745.
(pdftex.def)             Requested size: 350.16512pt x 284.52756pt.
 [32

 <./assets/SeriesLED.jpg>] [33 <./assets/ParallelLED.jpg>] <assets/Zigbee.png, 
id=496, 939.51pt x 857.2025pt>
File: assets/Zigbee.png Graphic file (type png)

<use assets/Zigbee.png>
Package pdftex.def Info: assets/Zigbee.png used on input line 784.
(pdftex.def)             Requested size: 343.02582pt x 312.9803pt.
 [34

 <./assets/Zigbee.png>]
<assets/What_We_Have.png, id=502, 1624.0675pt x 317.185pt>
File: assets/What_We_Have.png Graphic file (type png)

<use assets/What_We_Have.png>
Package pdftex.def Info: assets/What_We_Have.png used on input line 800.
(pdftex.def)             Requested size: 483.69684pt x 94.46413pt.

Overfull \hbox (13.94182pt too wide) in paragraph at lines 800--801
 [][] 
 []

<assets/What_We_Want.png, id=503, 1619.04875pt x 315.1775pt>
File: assets/What_We_Want.png Graphic file (type png)

<use assets/What_We_Want.png>
Package pdftex.def Info: assets/What_We_Want.png used on input line 810.
(pdftex.def)             Requested size: 483.69684pt x 94.15962pt.

Overfull \hbox (13.94182pt too wide) in paragraph at lines 810--811
 [][] 
 []


<assets/PCRunningTowerPlayerFlowChartDiagram.png, id=504, 1141.26375pt x 787.94
376pt>
File: assets/PCRunningTowerPlayerFlowChartDiagram.png Graphic file (type png)
 <use assets/PCRunningTowerPlayerFlowChartDiagram.png>
Package pdftex.def Info: assets/PCRunningTowerPlayerFlowChartDiagram.png used o
n input line 820.
(pdftex.def)             Requested size: 483.69684pt x 333.9519pt.

Overfull \hbox (13.94182pt too wide) in paragraph at lines 820--821
 [][] 
 []

[35

 <./assets/What_We_Have.png> <./assets/What_We_Want.png>] [36 <./assets/PCRunni
ngTowerPlayerFlowChartDiagram.png>]
Underfull \hbox (badness 10000) in paragraph at lines 831--832

 []

[37

] [38]
Underfull \hbox (badness 10000) in paragraph at lines 904--905

 []

[39]
Underfull \hbox (badness 10000) in paragraph at lines 910--911

 []

[40]

pdfTeX warning: /usr/bin/pdflatex (file ./assets/DFMEA_LEaD_Design_PDF.pdf): PD
F inclusion: found PDF version <1.7>, but at most version <1.5> allowed
<assets/DFMEA_LEaD_Design_PDF.pdf, id=534, 614.295pt x 794.97pt>
File: assets/DFMEA_LEaD_Design_PDF.pdf Graphic file (type pdf)

<use assets/DFMEA_LEaD_Design_PDF.pdf>
Package pdftex.def Info: assets/DFMEA_LEaD_Design_PDF.pdf used on input line 92
3.
(pdftex.def)             Requested size: 614.29349pt x 794.96806pt.


pdfTeX warning: /usr/bin/pdflatex (file ./assets/DFMEA_LEaD_Design_PDF.pdf): PD
F inclusion: found PDF version <1.7>, but at most version <1.5> allowed
File: assets/DFMEA_LEaD_Design_PDF.pdf Graphic file (type pdf)
<use assets/DFMEA_LEaD_Design_PDF.pdf>
Package pdftex.def Info: assets/DFMEA_LEaD_Design_PDF.pdf used on input line 92
3.
(pdftex.def)             Requested size: 614.29349pt x 794.96806pt.


pdfTeX warning: /usr/bin/pdflatex (file ./assets/DFMEA_LEaD_Design_PDF.pdf): PD
F inclusion: found PDF version <1.7>, but at most version <1.5> allowed


pdfTeX warning: /usr/bin/pdflatex (file ./assets/DFMEA_LEaD_Design_PDF.pdf): PD
F inclusion: found PDF version <1.7>, but at most version <1.5> allowed
<assets/DFMEA_LEaD_Design_PDF.pdf, id=537, page=1, 614.295pt x 794.97pt>
File: assets/DFMEA_LEaD_Design_PDF.pdf Graphic file (type pdf)

<use assets/DFMEA_LEaD_Design_PDF.pdf, page 1>
Package pdftex.def Info: assets/DFMEA_LEaD_Design_PDF.pdf, page1 used on input 
line 923.
(pdftex.def)             Requested size: 614.29349pt x 794.96806pt.
File: assets/DFMEA_LEaD_Design_PDF.pdf Graphic file (type pdf)

<use assets/DFMEA_LEaD_Design_PDF.pdf, page 1>
Package pdftex.def Info: assets/DFMEA_LEaD_Design_PDF.pdf, page1 used on input 
line 923.
(pdftex.def)             Requested size: 614.29349pt x 794.96806pt.
 [41]
File: assets/DFMEA_LEaD_Design_PDF.pdf Graphic file (type pdf)

<use assets/DFMEA_LEaD_Design_PDF.pdf, page 1>
Package pdftex.def Info: assets/DFMEA_LEaD_Design_PDF.pdf, page1 used on input 
line 923.
(pdftex.def)             Requested size: 614.29349pt x 794.96806pt.
File: assets/DFMEA_LEaD_Design_PDF.pdf Graphic file (type pdf)

<use assets/DFMEA_LEaD_Design_PDF.pdf, page 1>
Package pdftex.def Info: assets/DFMEA_LEaD_Design_PDF.pdf, page1 used on input 
line 923.
(pdftex.def)             Requested size: 614.29349pt x 794.96806pt.


Package caption Warning: The option `hypcap=true' will be ignored for this
(caption)                particular \caption on input line 923.
See the caption package documentation for explanation.

File: assets/DFMEA_LEaD_Design_PDF.pdf Graphic file (type pdf)
<use assets/DFMEA_LEaD_Design_PDF.pdf, page 1>
Package pdftex.def Info: assets/DFMEA_LEaD_Design_PDF.pdf, page1 used on input 
line 923.
(pdftex.def)             Requested size: 614.29349pt x 794.96806pt.
 [42 <./assets/DFMEA_LEaD_Design_PDF.pdf>]

pdfTeX warning: /usr/bin/pdflatex (file ./assets/DFMEA_LEaD_Design_PDF.pdf): PD
F inclusion: found PDF version <1.7>, but at most version <1.5> allowed
<assets/DFMEA_LEaD_Design_PDF.pdf, id=559, page=2, 614.295pt x 794.97pt>
File: assets/DFMEA_LEaD_Design_PDF.pdf Graphic file (type pdf)

<use assets/DFMEA_LEaD_Design_PDF.pdf, page 2>
Package pdftex.def Info: assets/DFMEA_LEaD_Design_PDF.pdf, page2 used on input 
line 923.
(pdftex.def)             Requested size: 614.29349pt x 794.96806pt.
File: assets/DFMEA_LEaD_Design_PDF.pdf Graphic file (type pdf)

<use assets/DFMEA_LEaD_Design_PDF.pdf, page 2>
Package pdftex.def Info: assets/DFMEA_LEaD_Design_PDF.pdf, page2 used on input 
line 923.
(pdftex.def)             Requested size: 614.29349pt x 794.96806pt.


Package caption Warning: The option `hypcap=true' will be ignored for this
(caption)                particular \caption on input line 923.
See the caption package documentation for explanation.

File: assets/DFMEA_LEaD_Design_PDF.pdf Graphic file (type pdf)
<use assets/DFMEA_LEaD_Design_PDF.pdf, page 2>
Package pdftex.def Info: assets/DFMEA_LEaD_Design_PDF.pdf, page2 used on input 
line 923.
(pdftex.def)             Requested size: 614.29349pt x 794.96806pt.
 [43 <./assets/DFMEA_LEaD_Design_PDF.pdf>]

pdfTeX warning: /usr/bin/pdflatex (file ./assets/DFMEA_LEaD_Design_PDF.pdf): PD
F inclusion: found PDF version <1.7>, but at most version <1.5> allowed
<assets/DFMEA_LEaD_Design_PDF.pdf, id=567, page=3, 614.295pt x 794.97pt>
File: assets/DFMEA_LEaD_Design_PDF.pdf Graphic file (type pdf)

<use assets/DFMEA_LEaD_Design_PDF.pdf, page 3>
Package pdftex.def Info: assets/DFMEA_LEaD_Design_PDF.pdf, page3 used on input 
line 923.
(pdftex.def)             Requested size: 614.29349pt x 794.96806pt.
File: assets/DFMEA_LEaD_Design_PDF.pdf Graphic file (type pdf)

<use assets/DFMEA_LEaD_Design_PDF.pdf, page 3>
Package pdftex.def Info: assets/DFMEA_LEaD_Design_PDF.pdf, page3 used on input 
line 923.
(pdftex.def)             Requested size: 614.29349pt x 794.96806pt.


Package caption Warning: The option `hypcap=true' will be ignored for this
(caption)                particular \caption on input line 923.
See the caption package documentation for explanation.

File: assets/DFMEA_LEaD_Design_PDF.pdf Graphic file (type pdf)
<use assets/DFMEA_LEaD_Design_PDF.pdf, page 3>
Package pdftex.def Info: assets/DFMEA_LEaD_Design_PDF.pdf, page3 used on input 
line 923.
(pdftex.def)             Requested size: 614.29349pt x 794.96806pt.
 [44 <./assets/DFMEA_LEaD_Design_PDF.pdf>]

pdfTeX warning: /usr/bin/pdflatex (file ./assets/DFMEA_LEaD_Design_PDF.pdf): PD
F inclusion: found PDF version <1.7>, but at most version <1.5> allowed
<assets/DFMEA_LEaD_Design_PDF.pdf, id=575, page=4, 614.295pt x 794.97pt>
File: assets/DFMEA_LEaD_Design_PDF.pdf Graphic file (type pdf)

<use assets/DFMEA_LEaD_Design_PDF.pdf, page 4>
Package pdftex.def Info: assets/DFMEA_LEaD_Design_PDF.pdf, page4 used on input 
line 923.
(pdftex.def)             Requested size: 614.29349pt x 794.96806pt.
File: assets/DFMEA_LEaD_Design_PDF.pdf Graphic file (type pdf)

<use assets/DFMEA_LEaD_Design_PDF.pdf, page 4>
Package pdftex.def Info: assets/DFMEA_LEaD_Design_PDF.pdf, page4 used on input 
line 923.
(pdftex.def)             Requested size: 614.29349pt x 794.96806pt.


Package caption Warning: The option `hypcap=true' will be ignored for this
(caption)                particular \caption on input line 923.
See the caption package documentation for explanation.

File: assets/DFMEA_LEaD_Design_PDF.pdf Graphic file (type pdf)
<use assets/DFMEA_LEaD_Design_PDF.pdf, page 4>
Package pdftex.def Info: assets/DFMEA_LEaD_Design_PDF.pdf, page4 used on input 
line 923.
(pdftex.def)             Requested size: 614.29349pt x 794.96806pt.
 [45 <./assets/DFMEA_LEaD_Design_PDF.pdf>]

pdfTeX warning: /usr/bin/pdflatex (file ./assets/DFMEA_LEaD_Design_PDF.pdf): PD
F inclusion: found PDF version <1.7>, but at most version <1.5> allowed
<assets/DFMEA_LEaD_Design_PDF.pdf, id=589, page=5, 614.295pt x 794.97pt>
File: assets/DFMEA_LEaD_Design_PDF.pdf Graphic file (type pdf)

<use assets/DFMEA_LEaD_Design_PDF.pdf, page 5>
Package pdftex.def Info: assets/DFMEA_LEaD_Design_PDF.pdf, page5 used on input 
line 923.
(pdftex.def)             Requested size: 614.29349pt x 794.96806pt.
File: assets/DFMEA_LEaD_Design_PDF.pdf Graphic file (type pdf)

<use assets/DFMEA_LEaD_Design_PDF.pdf, page 5>
Package pdftex.def Info: assets/DFMEA_LEaD_Design_PDF.pdf, page5 used on input 
line 923.
(pdftex.def)             Requested size: 614.29349pt x 794.96806pt.


Package caption Warning: The option `hypcap=true' will be ignored for this
(caption)                particular \caption on input line 923.
See the caption package documentation for explanation.

File: assets/DFMEA_LEaD_Design_PDF.pdf Graphic file (type pdf)
<use assets/DFMEA_LEaD_Design_PDF.pdf, page 5>
Package pdftex.def Info: assets/DFMEA_LEaD_Design_PDF.pdf, page5 used on input 
line 923.
(pdftex.def)             Requested size: 614.29349pt x 794.96806pt.
 [46 <./assets/DFMEA_LEaD_Design_PDF.pdf>]

pdfTeX warning: /usr/bin/pdflatex (file ./assets/DFMEA_LEaD_Design_PDF.pdf): PD
F inclusion: found PDF version <1.7>, but at most version <1.5> allowed
<assets/DFMEA_LEaD_Design_PDF.pdf, id=596, page=6, 614.295pt x 794.97pt>
File: assets/DFMEA_LEaD_Design_PDF.pdf Graphic file (type pdf)

<use assets/DFMEA_LEaD_Design_PDF.pdf, page 6>
Package pdftex.def Info: assets/DFMEA_LEaD_Design_PDF.pdf, page6 used on input 
line 923.
(pdftex.def)             Requested size: 614.29349pt x 794.96806pt.
File: assets/DFMEA_LEaD_Design_PDF.pdf Graphic file (type pdf)

<use assets/DFMEA_LEaD_Design_PDF.pdf, page 6>
Package pdftex.def Info: assets/DFMEA_LEaD_Design_PDF.pdf, page6 used on input 
line 923.
(pdftex.def)             Requested size: 614.29349pt x 794.96806pt.


Package caption Warning: The option `hypcap=true' will be ignored for this
(caption)                particular \caption on input line 923.
See the caption package documentation for explanation.

File: assets/DFMEA_LEaD_Design_PDF.pdf Graphic file (type pdf)
<use assets/DFMEA_LEaD_Design_PDF.pdf, page 6>
Package pdftex.def Info: assets/DFMEA_LEaD_Design_PDF.pdf, page6 used on input 
line 923.
(pdftex.def)             Requested size: 614.29349pt x 794.96806pt.
 [47 <./assets/DFMEA_LEaD_Design_PDF.pdf>] <assets/Bill_of_Materials_Pg1.png, i
d=603, 505.89pt x 585.68813pt>
File: assets/Bill_of_Materials_Pg1.png Graphic file (type png)

<use assets/Bill_of_Materials_Pg1.png>
Package pdftex.def Info: assets/Bill_of_Materials_Pg1.png used on input line 93
5.
(pdftex.def)             Requested size: 398.33858pt x 461.17822pt.

<assets/Bill_of_Materials_Pg2.png, id=604, 535.2497pt x 580.41844pt>
File: assets/Bill_of_Materials_Pg2.png Graphic file (type png)

<use assets/Bill_of_Materials_Pg2.png>
Package pdftex.def Info: assets/Bill_of_Materials_Pg2.png used on input line 94
1.
(pdftex.def)             Requested size: 398.33858pt x 431.97388pt.
 [48 <./assets/Bill_of_Materials_Pg1.png>] [49 <./assets/Bill_of_Materials_Pg2.
png>]
<assets/prototype.jpg, id=618, 3044.37375pt x 1634.105pt>
File: assets/prototype.jpg Graphic file (type jpg)

<use assets/prototype.jpg>
Package pdftex.def Info: assets/prototype.jpg used on input line 958.
(pdftex.def)             Requested size: 398.33858pt x 213.8125pt.
 [50 <./assets/prototype.jpg>] [51] [52]
<assets/HardwareList.jpg, id=632, 1067.48813pt x 1374.63562pt>
File: assets/HardwareList.jpg Graphic file (type jpg)

<use assets/HardwareList.jpg>
Package pdftex.def Info: assets/HardwareList.jpg used on input line 1005.
(pdftex.def)             Requested size: 483.69684pt x 622.88025pt.

Overfull \hbox (13.94182pt too wide) in paragraph at lines 1005--1006
 [][] 
 []

[53] [54 <./assets/HardwareList.jpg>]
Underfull \hbox (badness 10000) in paragraph at lines 1015--1020

 []



pdfTeX warning: /usr/bin/pdflatex (file ./assets/LEaD_Design_Team_Contract.pdf)
: PDF inclusion: found PDF version <1.7>, but at most version <1.5> allowed
<assets/LEaD_Design_Team_Contract.pdf, id=645, 614.295pt x 794.97pt>
File: assets/LEaD_Design_Team_Contract.pdf Graphic file (type pdf)

<use assets/LEaD_Design_Team_Contract.pdf>
Package pdftex.def Info: assets/LEaD_Design_Team_Contract.pdf used on input lin
e 1024.
(pdftex.def)             Requested size: 614.29349pt x 794.96806pt.


pdfTeX warning: /usr/bin/pdflatex (file ./assets/LEaD_Design_Team_Contract.pdf)
: PDF inclusion: found PDF version <1.7>, but at most version <1.5> allowed
File: assets/LEaD_Design_Team_Contract.pdf Graphic file (type pdf)
<use assets/LEaD_Design_Team_Contract.pdf>
Package pdftex.def Info: assets/LEaD_Design_Team_Contract.pdf used on input lin
e 1024.
(pdftex.def)             Requested size: 614.29349pt x 794.96806pt.


pdfTeX warning: /usr/bin/pdflatex (file ./assets/LEaD_Design_Team_Contract.pdf)
: PDF inclusion: found PDF version <1.7>, but at most version <1.5> allowed


pdfTeX warning: /usr/bin/pdflatex (file ./assets/LEaD_Design_Team_Contract.pdf)
: PDF inclusion: found PDF version <1.7>, but at most version <1.5> allowed
<assets/LEaD_Design_Team_Contract.pdf, id=648, page=1, 614.295pt x 794.97pt>
File: assets/LEaD_Design_Team_Contract.pdf Graphic file (type pdf)

<use assets/LEaD_Design_Team_Contract.pdf, page 1>
Package pdftex.def Info: assets/LEaD_Design_Team_Contract.pdf, page1 used on in
put line 1024.
(pdftex.def)             Requested size: 614.29349pt x 794.96806pt.
File: assets/LEaD_Design_Team_Contract.pdf Graphic file (type pdf)

<use assets/LEaD_Design_Team_Contract.pdf, page 1>
Package pdftex.def Info: assets/LEaD_Design_Team_Contract.pdf, page1 used on in
put line 1024.
(pdftex.def)             Requested size: 614.29349pt x 794.96806pt.
 [55

]
File: assets/LEaD_Design_Team_Contract.pdf Graphic file (type pdf)

<use assets/LEaD_Design_Team_Contract.pdf, page 1>
Package pdftex.def Info: assets/LEaD_Design_Team_Contract.pdf, page1 used on in
put line 1024.
(pdftex.def)             Requested size: 614.29349pt x 794.96806pt.
File: assets/LEaD_Design_Team_Contract.pdf Graphic file (type pdf)

<use assets/LEaD_Design_Team_Contract.pdf, page 1>
Package pdftex.def Info: assets/LEaD_Design_Team_Contract.pdf, page1 used on in
put line 1024.
(pdftex.def)             Requested size: 614.29349pt x 794.96806pt.
File: assets/LEaD_Design_Team_Contract.pdf Graphic file (type pdf)

<use assets/LEaD_Design_Team_Contract.pdf, page 1>
Package pdftex.def Info: assets/LEaD_Design_Team_Contract.pdf, page1 used on in
put line 1024.
(pdftex.def)             Requested size: 614.29349pt x 794.96806pt.
 [56 <./assets/LEaD_Design_Team_Contract.pdf>]

pdfTeX warning: /usr/bin/pdflatex (file ./assets/LEaD_Design_Team_Contract.pdf)
: PDF inclusion: found PDF version <1.7>, but at most version <1.5> allowed
<assets/LEaD_Design_Team_Contract.pdf, id=679, page=2, 614.295pt x 794.97pt>
File: assets/LEaD_Design_Team_Contract.pdf Graphic file (type pdf)

<use assets/LEaD_Design_Team_Contract.pdf, page 2>
Package pdftex.def Info: assets/LEaD_Design_Team_Contract.pdf, page2 used on in
put line 1024.
(pdftex.def)             Requested size: 614.29349pt x 794.96806pt.
File: assets/LEaD_Design_Team_Contract.pdf Graphic file (type pdf)

<use assets/LEaD_Design_Team_Contract.pdf, page 2>
Package pdftex.def Info: assets/LEaD_Design_Team_Contract.pdf, page2 used on in
put line 1024.
(pdftex.def)             Requested size: 614.29349pt x 794.96806pt.
File: assets/LEaD_Design_Team_Contract.pdf Graphic file (type pdf)

<use assets/LEaD_Design_Team_Contract.pdf, page 2>
Package pdftex.def Info: assets/LEaD_Design_Team_Contract.pdf, page2 used on in
put line 1024.
(pdftex.def)             Requested size: 614.29349pt x 794.96806pt.
 [57 <./assets/LEaD_Design_Team_Contract.pdf>]

pdfTeX warning: /usr/bin/pdflatex (file ./assets/LEaD_Design_Team_Contract.pdf)
: PDF inclusion: found PDF version <1.7>, but at most version <1.5> allowed
<assets/LEaD_Design_Team_Contract.pdf, id=685, page=3, 614.295pt x 794.97pt>
File: assets/LEaD_Design_Team_Contract.pdf Graphic file (type pdf)

<use assets/LEaD_Design_Team_Contract.pdf, page 3>
Package pdftex.def Info: assets/LEaD_Design_Team_Contract.pdf, page3 used on in
put line 1024.
(pdftex.def)             Requested size: 614.29349pt x 794.96806pt.
File: assets/LEaD_Design_Team_Contract.pdf Graphic file (type pdf)

<use assets/LEaD_Design_Team_Contract.pdf, page 3>
Package pdftex.def Info: assets/LEaD_Design_Team_Contract.pdf, page3 used on in
put line 1024.
(pdftex.def)             Requested size: 614.29349pt x 794.96806pt.
File: assets/LEaD_Design_Team_Contract.pdf Graphic file (type pdf)

<use assets/LEaD_Design_Team_Contract.pdf, page 3>
Package pdftex.def Info: assets/LEaD_Design_Team_Contract.pdf, page3 used on in
put line 1024.
(pdftex.def)             Requested size: 614.29349pt x 794.96806pt.
 [58 <./assets/LEaD_Design_Team_Contract.pdf>]

pdfTeX warning: /usr/bin/pdflatex (file ./assets/LEaD_Design_Team_Contract.pdf)
: PDF inclusion: found PDF version <1.7>, but at most version <1.5> allowed
<assets/LEaD_Design_Team_Contract.pdf, id=691, page=4, 614.295pt x 794.97pt>
File: assets/LEaD_Design_Team_Contract.pdf Graphic file (type pdf)

<use assets/LEaD_Design_Team_Contract.pdf, page 4>
Package pdftex.def Info: assets/LEaD_Design_Team_Contract.pdf, page4 used on in
put line 1024.
(pdftex.def)             Requested size: 614.29349pt x 794.96806pt.
File: assets/LEaD_Design_Team_Contract.pdf Graphic file (type pdf)

<use assets/LEaD_Design_Team_Contract.pdf, page 4>
Package pdftex.def Info: assets/LEaD_Design_Team_Contract.pdf, page4 used on in
put line 1024.
(pdftex.def)             Requested size: 614.29349pt x 794.96806pt.
File: assets/LEaD_Design_Team_Contract.pdf Graphic file (type pdf)

<use assets/LEaD_Design_Team_Contract.pdf, page 4>
Package pdftex.def Info: assets/LEaD_Design_Team_Contract.pdf, page4 used on in
put line 1024.
(pdftex.def)             Requested size: 614.29349pt x 794.96806pt.
 [59 <./assets/LEaD_Design_Team_Contract.pdf>]
Package atveryend Info: Empty hook `BeforeClearDocument' on input line 1028.
Package atveryend Info: Empty hook `AfterLastShipout' on input line 1028.
 (./TeamPortfolio_LEaD_Design.aux)
Package atveryend Info: Executing hook `AtVeryEndDocument' on input line 1028.
Package atveryend Info: Executing hook `AtEndAfterFileList' on input line 1028.

Package rerunfilecheck Info: File `TeamPortfolio_LEaD_Design.out' has not chang
ed.
(rerunfilecheck)             Checksum: 83A34EBB52A0E528FE13B1E5B708C9F0;3998.


LaTeX Warning: There were multiply-defined labels.

Package atveryend Info: Empty hook `AtVeryVeryEnd' on input line 1028.
 )
(\end occurred inside a group at level 8)

### simple group (level 8) entered at line 979 ({)
### simple group (level 7) entered at line 866 ({)
### simple group (level 6) entered at line 835 ({)
### simple group (level 5) entered at line 757 ({)
### simple group (level 4) entered at line 723 ({)
### simple group (level 3) entered at line 674 ({)
### simple group (level 2) entered at line 461 ({)
### simple group (level 1) entered at line 431 ({)
### bottom level 
Here is how much of TeX's memory you used:
 9248 strings out of 494953
 139972 string characters out of 6180977
 328141 words of memory out of 5000000
 12238 multiletter control sequences out of 15000+600000
 14580 words of font info for 56 fonts, out of 8000000 for 9000
 14 hyphenation exceptions out of 8191
 40i,19n,49p,1210b,1088s stack positions out of 5000i,500n,10000p,200000b,80000s
</usr/share/texlive/texmf-dist/fonts/type1/public/amsfonts/cm/c
mbx12.pfb></usr/share/texlive/texmf-dist/fonts/type1/public/amsfonts/cm/cmcsc10
.pfb></usr/share/texlive/texmf-dist/fonts/type1/public/amsfonts/cm/cmmi12.pfb><
/usr/share/texlive/texmf-dist/fonts/type1/public/amsfonts/cm/cmr12.pfb></usr/sh
are/texlive/texmf-dist/fonts/type1/public/amsfonts/cm/cmr8.pfb></usr/share/texl
ive/texmf-dist/fonts/type1/public/amsfonts/cm/cmsy10.pfb></usr/share/texlive/te
xmf-dist/fonts/type1/public/amsfonts/cm/cmti12.pfb></usr/share/texlive/texmf-di
st/fonts/type1/public/amsfonts/cm/cmtt12.pfb>
Output written on TeamPortfolio_LEaD_Design.pdf (59 pages, 4514477 bytes).
PDF statistics:
 769 PDF objects out of 1000 (max. 8388607)
 634 compressed objects within 7 object streams
 145 named destinations out of 1000 (max. 500000)
 642 words of extra memory for PDF output out of 10000 (max. 10000000)

