This is pdfTeX, Version 3.14159265-2.6-1.40.17 (MiKTeX 2.9.6210 64-bit) (preloaded format=pdflatex 2017.2.13)  3 MAY 2018 18:33
entering extended mode
**./Design_Report_LEaD_Design.tex
(Design_Report_LEaD_Design.tex
LaTeX2e <2017/01/01> patch level 1
Babel <3.9r> and hyphenation patterns for 75 language(s) loaded.
("D:\Program Files\tex\latex\base\article.cls"
Document Class: article 2014/09/29 v1.4h Standard LaTeX document class
("D:\Program Files\tex\latex\base\size12.clo"
File: size12.clo 2014/09/29 v1.4h Standard LaTeX file (size option)
)
\c@part=\count79
\c@section=\count80
\c@subsection=\count81
\c@subsubsection=\count82
\c@paragraph=\count83
\c@subparagraph=\count84
\c@figure=\count85
\c@table=\count86
\abovecaptionskip=\skip41
\belowcaptionskip=\skip42
\bibindent=\dimen102
)
("D:\Program Files\tex\latex\geometry\geometry.sty"
Package: geometry 2010/09/12 v5.6 Page Geometry

("D:\Program Files\tex\latex\graphics\keyval.sty"
Package: keyval 2014/10/28 v1.15 key=value parser (DPC)
\KV@toks@=\toks14
)
("D:\Program Files\tex\generic\oberdiek\ifpdf.sty"
Package: ifpdf 2016/05/14 v3.1 Provides the ifpdf switch
)
("D:\Program Files\tex\generic\oberdiek\ifvtex.sty"
Package: ifvtex 2016/05/16 v1.6 Detect VTeX and its facilities (HO)
Package ifvtex Info: VTeX not detected.
)
("D:\Program Files\tex\generic\ifxetex\ifxetex.sty"
Package: ifxetex 2010/09/12 v0.6 Provides ifxetex conditional
)
\Gm@cnth=\count87
\Gm@cntv=\count88
\c@Gm@tempcnt=\count89
\Gm@bindingoffset=\dimen103
\Gm@wd@mp=\dimen104
\Gm@odd@mp=\dimen105
\Gm@even@mp=\dimen106
\Gm@layoutwidth=\dimen107
\Gm@layoutheight=\dimen108
\Gm@layouthoffset=\dimen109
\Gm@layoutvoffset=\dimen110
\Gm@dimlist=\toks15

("D:\Program Files\tex\latex\geometry\geometry.cfg"))
("D:\Program Files\tex\latex\float\float.sty"
Package: float 2001/11/08 v1.3d Float enhancements (AL)
\c@float@type=\count90
\float@exts=\toks16
\float@box=\box26
\@float@everytoks=\toks17
\@floatcapt=\box27
)
("D:\Program Files\tex\latex\lipsum\lipsum.sty"
Package: lipsum 2014/07/27 v1.3 150 paragraphs of Lorem Ipsum dummy text
\c@lips@count=\count91
)
("D:\Program Files\tex\latex\ltxmisc\parskip.sty"
Package: parskip 2001/04/09 non-zero parskip adjustments
)
("D:\Program Files\tex\latex\bbding\bbding.sty"
Package: bbding 1999/04/15 v1.01 Dingbats symbols
)
("D:\Program Files\tex\latex\amsfonts\amssymb.sty"
Package: amssymb 2013/01/14 v3.01 AMS font symbols

("D:\Program Files\tex\latex\amsfonts\amsfonts.sty"
Package: amsfonts 2013/01/14 v3.01 Basic AMSFonts support
\@emptytoks=\toks18
\symAMSa=\mathgroup4
\symAMSb=\mathgroup5
LaTeX Font Info:    Overwriting math alphabet `\mathfrak' in version `bold'
(Font)                  U/euf/m/n --> U/euf/b/n on input line 106.
))
("D:\Program Files\tex\latex\titlesec\titlesec.sty"
Package: titlesec 2016/03/21 v2.10.2 Sectioning titles
\ttl@box=\box28
\beforetitleunit=\skip43
\aftertitleunit=\skip44
\ttl@plus=\dimen111
\ttl@minus=\dimen112
\ttl@toksa=\toks19
\titlewidth=\dimen113
\titlewidthlast=\dimen114
\titlewidthfirst=\dimen115
)
("D:\Program Files\tex\latex\graphics\graphicx.sty"
Package: graphicx 2014/10/28 v1.0g Enhanced LaTeX Graphics (DPC,SPQR)

("D:\Program Files\tex\latex\graphics\graphics.sty"
Package: graphics 2016/10/09 v1.0u Standard LaTeX Graphics (DPC,SPQR)

("D:\Program Files\tex\latex\graphics\trig.sty"
Package: trig 2016/01/03 v1.10 sin cos tan (DPC)
)
("D:\Program Files\tex\latex\graphics-cfg\graphics.cfg"
File: graphics.cfg 2016/06/04 v1.11 sample graphics configuration
)
Package graphics Info: Driver file: pdftex.def on input line 99.

("D:\Program Files\tex\latex\graphics-def\pdftex.def"
File: pdftex.def 2017/01/12 v0.06k Graphics/color for pdfTeX

("D:\Program Files\tex\generic\oberdiek\infwarerr.sty"
Package: infwarerr 2016/05/16 v1.4 Providing info/warning/error messages (HO)
)
("D:\Program Files\tex\generic\oberdiek\ltxcmds.sty"
Package: ltxcmds 2016/05/16 v1.23 LaTeX kernel commands for general use (HO)
)
\Gread@gobject=\count92
))
\Gin@req@height=\dimen116
\Gin@req@width=\dimen117
)
("D:\Program Files\tex\latex\hyperref\hyperref.sty"
Package: hyperref 2016/06/24 v6.83q Hypertext links for LaTeX

("D:\Program Files\tex\generic\oberdiek\hobsub-hyperref.sty"
Package: hobsub-hyperref 2016/05/16 v1.14 Bundle oberdiek, subset hyperref (HO)


("D:\Program Files\tex\generic\oberdiek\hobsub-generic.sty"
Package: hobsub-generic 2016/05/16 v1.14 Bundle oberdiek, subset generic (HO)
Package: hobsub 2016/05/16 v1.14 Construct package bundles (HO)
Package hobsub Info: Skipping package `infwarerr' (already loaded).
Package hobsub Info: Skipping package `ltxcmds' (already loaded).
Package: ifluatex 2016/05/16 v1.4 Provides the ifluatex switch (HO)
Package ifluatex Info: LuaTeX not detected.
Package hobsub Info: Skipping package `ifvtex' (already loaded).
Package: intcalc 2016/05/16 v1.2 Expandable calculations with integers (HO)
Package hobsub Info: Skipping package `ifpdf' (already loaded).
Package: etexcmds 2016/05/16 v1.6 Avoid name clashes with e-TeX commands (HO)
Package etexcmds Info: Could not find \expanded.
(etexcmds)             That can mean that you are not using pdfTeX 1.50 or
(etexcmds)             that some package has redefined \expanded.
(etexcmds)             In the latter case, load this package earlier.
Package: kvsetkeys 2016/05/16 v1.17 Key value parser (HO)
Package: kvdefinekeys 2016/05/16 v1.4 Define keys (HO)
Package: pdftexcmds 2016/05/21 v0.22 Utility functions of pdfTeX for LuaTeX (HO
)
Package pdftexcmds Info: LuaTeX not detected.
Package pdftexcmds Info: \pdf@primitive is available.
Package pdftexcmds Info: \pdf@ifprimitive is available.
Package pdftexcmds Info: \pdfdraftmode found.
Package: pdfescape 2016/05/16 v1.14 Implements pdfTeX's escape features (HO)
Package: bigintcalc 2016/05/16 v1.4 Expandable calculations on big integers (HO
)
Package: bitset 2016/05/16 v1.2 Handle bit-vector datatype (HO)
Package: uniquecounter 2016/05/16 v1.3 Provide unlimited unique counter (HO)
)
Package hobsub Info: Skipping package `hobsub' (already loaded).
Package: letltxmacro 2016/05/16 v1.5 Let assignment for LaTeX macros (HO)
Package: hopatch 2016/05/16 v1.3 Wrapper for package hooks (HO)
Package: xcolor-patch 2016/05/16 xcolor patch
Package: atveryend 2016/05/16 v1.9 Hooks at the very end of document (HO)
Package atveryend Info: \enddocument detected (standard20110627).
Package: atbegshi 2016/06/09 v1.18 At begin shipout hook (HO)
Package: refcount 2016/05/16 v3.5 Data extraction from label references (HO)
Package: hycolor 2016/05/16 v1.8 Color options for hyperref/bookmark (HO)
)
("D:\Program Files\tex\latex\oberdiek\auxhook.sty"
Package: auxhook 2016/05/16 v1.4 Hooks for auxiliary files (HO)
)
("D:\Program Files\tex\latex\oberdiek\kvoptions.sty"
Package: kvoptions 2016/05/16 v3.12 Key value format for package options (HO)
)
\@linkdim=\dimen118
\Hy@linkcounter=\count93
\Hy@pagecounter=\count94

("D:\Program Files\tex\latex\hyperref\pd1enc.def"
File: pd1enc.def 2016/06/24 v6.83q Hyperref: PDFDocEncoding definition (HO)
)
\Hy@SavedSpaceFactor=\count95

("D:\Program Files\tex\latex\00miktex\hyperref.cfg"
File: hyperref.cfg 2002/06/06 v1.2 hyperref configuration of TeXLive
)
Package hyperref Info: Hyper figures OFF on input line 4486.
Package hyperref Info: Link nesting OFF on input line 4491.
Package hyperref Info: Hyper index ON on input line 4494.
Package hyperref Info: Plain pages OFF on input line 4501.
Package hyperref Info: Backreferencing OFF on input line 4506.
Package hyperref Info: Implicit mode ON; LaTeX internals redefined.
Package hyperref Info: Bookmarks ON on input line 4735.
\c@Hy@tempcnt=\count96

("D:\Program Files\tex\latex\url\url.sty"
\Urlmuskip=\muskip10
Package: url 2013/09/16  ver 3.4  Verb mode for urls, etc.
)
LaTeX Info: Redefining \url on input line 5088.
\XeTeXLinkMargin=\dimen119
\Fld@menulength=\count97
\Field@Width=\dimen120
\Fld@charsize=\dimen121
Package hyperref Info: Hyper figures OFF on input line 6342.
Package hyperref Info: Link nesting OFF on input line 6347.
Package hyperref Info: Hyper index ON on input line 6350.
Package hyperref Info: backreferencing OFF on input line 6357.
Package hyperref Info: Link coloring OFF on input line 6362.
Package hyperref Info: Link coloring with OCG OFF on input line 6367.
Package hyperref Info: PDF/A mode OFF on input line 6372.
LaTeX Info: Redefining \ref on input line 6412.
LaTeX Info: Redefining \pageref on input line 6416.
\Hy@abspage=\count98
\c@Item=\count99
\c@Hfootnote=\count100
)

Package hyperref Message: Driver (autodetected): hpdftex.

("D:\Program Files\tex\latex\hyperref\hpdftex.def"
File: hpdftex.def 2016/06/24 v6.83q Hyperref driver for pdfTeX
\Fld@listcount=\count101
\c@bookmark@seq@number=\count102

("D:\Program Files\tex\latex\oberdiek\rerunfilecheck.sty"
Package: rerunfilecheck 2016/05/16 v1.8 Rerun checks for auxiliary files (HO)
Package uniquecounter Info: New unique counter `rerunfilecheck' on input line 2
82.
)
\Hy@SectionHShift=\skip45
)
("D:\Program Files\tex\latex\setspace\setspace.sty"
Package: setspace 2011/12/19 v6.7a set line spacing
)
("D:\Program Files\tex\latex\ulem\ulem.sty"
\UL@box=\box29
\UL@hyphenbox=\box30
\UL@skip=\skip46
\UL@hook=\toks20
\UL@height=\dimen122
\UL@pe=\count103
\UL@pixel=\dimen123
\ULC@box=\box31
Package: ulem 2012/05/18
\ULdepth=\dimen124
)
("D:\Program Files\tex\latex\placeins\placeins.sty"
Package: placeins 2005/04/18  v 2.2
)
("D:\Program Files\tex\latex\appendix\appendix.sty"
Package: appendix 2009/09/02 v1.2b extra appendix facilities
\c@@pps=\count104
\c@@ppsavesec=\count105
\c@@ppsaveapp=\count106
)
\c@subsubsubsection=\count107
Package hyperref Info: Option `colorlinks' set `true' on input line 17.

("D:\Program Files\tex\latex\pdfpages\pdfpages.sty"
Package: pdfpages 2017/08/14 v0.5k Insert pages of external PDF documents (AM)

("D:\Program Files\tex\latex\base\ifthen.sty"
Package: ifthen 2014/09/29 v1.1c Standard LaTeX ifthen package (DPC)
)
("D:\Program Files\tex\latex\tools\calc.sty"
Package: calc 2014/10/28 v4.3 Infix arithmetic (KKT,FJ)
\calc@Acount=\count108
\calc@Bcount=\count109
\calc@Adimen=\dimen125
\calc@Bdimen=\dimen126
\calc@Askip=\skip47
\calc@Bskip=\skip48
LaTeX Info: Redefining \setlength on input line 80.
LaTeX Info: Redefining \addtolength on input line 81.
\calc@Ccount=\count110
\calc@Cskip=\skip49
)
("D:\Program Files\tex\latex\eso-pic\eso-pic.sty"
Package: eso-pic 2015/07/21 v2.0g eso-pic (RN)

("D:\Program Files\tex\latex\xcolor\xcolor.sty"
Package: xcolor 2016/05/11 v2.12 LaTeX color extensions (UK)

("D:\Program Files\tex\latex\graphics-cfg\color.cfg"
File: color.cfg 2016/01/02 v1.6 sample color configuration
)
Package xcolor Info: Driver file: pdftex.def on input line 225.
Package xcolor Info: Model `cmy' substituted by `cmy0' on input line 1348.
Package xcolor Info: Model `hsb' substituted by `rgb' on input line 1352.
Package xcolor Info: Model `RGB' extended on input line 1364.
Package xcolor Info: Model `HTML' substituted by `rgb' on input line 1366.
Package xcolor Info: Model `Hsb' substituted by `hsb' on input line 1367.
Package xcolor Info: Model `tHsb' substituted by `hsb' on input line 1368.
Package xcolor Info: Model `HSB' substituted by `hsb' on input line 1369.
Package xcolor Info: Model `Gray' substituted by `gray' on input line 1370.
Package xcolor Info: Model `wave' substituted by `hsb' on input line 1371.
))
\AM@pagewidth=\dimen127
\AM@pageheight=\dimen128

("D:\Program Files\tex\latex\pdfpages\pppdftex.def"
File: pppdftex.def 2017/08/14 v0.5k Pdfpages driver for pdfTeX (AM)
)
\AM@pagebox=\box32
\AM@global@opts=\toks21
\AM@toc@title=\toks22
\c@AM@survey=\count111
\AM@templatesizebox=\box33
)
("D:\Program Files\tex\latex\caption\caption.sty"
Package: caption 2016/02/21 v3.3-144 Customizing captions (AR)

("D:\Program Files\tex\latex\caption\caption3.sty"
Package: caption3 2016/05/22 v1.7-166 caption3 kernel (AR)
Package caption3 Info: TeX engine: e-TeX on input line 67.
\captionmargin=\dimen129
\captionmargin@=\dimen130
\captionwidth=\dimen131
\caption@tempdima=\dimen132
\caption@indent=\dimen133
\caption@parindent=\dimen134
\caption@hangindent=\dimen135
)
\c@ContinuedFloat=\count112
Package caption Info: float package is loaded.
Package caption Info: hyperref package is loaded.
)
(Design_Report_LEaD_Design.aux

LaTeX Warning: Label `overflow' multiply defined.


LaTeX Warning: Label `overflow' multiply defined.


LaTeX Warning: Label `overflow' multiply defined.


LaTeX Warning: Label `overflow' multiply defined.


LaTeX Warning: Label `overflow' multiply defined.


LaTeX Warning: Label `overflow' multiply defined.


LaTeX Warning: Label `overflow' multiply defined.


LaTeX Warning: Label `overflow' multiply defined.


LaTeX Warning: Label `overflow' multiply defined.


LaTeX Warning: Label `overflow' multiply defined.


LaTeX Warning: Label `overflow' multiply defined.


LaTeX Warning: Label `overflow' multiply defined.


LaTeX Warning: Label `overflow' multiply defined.


LaTeX Warning: Label `overflow' multiply defined.


LaTeX Warning: Label `overflow' multiply defined.


LaTeX Warning: Label `overflow' multiply defined.


LaTeX Warning: Label `overflow' multiply defined.


LaTeX Warning: Label `overflow' multiply defined.


LaTeX Warning: Label `overflow' multiply defined.


LaTeX Warning: Label `overflow' multiply defined.


LaTeX Warning: Label `overflow' multiply defined.


LaTeX Warning: Label `overflow' multiply defined.


LaTeX Warning: Label `overflow' multiply defined.


LaTeX Warning: Label `overflow' multiply defined.


LaTeX Warning: Label `overflow' multiply defined.


LaTeX Warning: Label `overflow' multiply defined.

)
\openout1 = `Design_Report_LEaD_Design.aux'.

LaTeX Font Info:    Checking defaults for OML/cmm/m/it on input line 32.
LaTeX Font Info:    ... okay on input line 32.
LaTeX Font Info:    Checking defaults for T1/cmr/m/n on input line 32.
LaTeX Font Info:    ... okay on input line 32.
LaTeX Font Info:    Checking defaults for OT1/cmr/m/n on input line 32.
LaTeX Font Info:    ... okay on input line 32.
LaTeX Font Info:    Checking defaults for OMS/cmsy/m/n on input line 32.
LaTeX Font Info:    ... okay on input line 32.
LaTeX Font Info:    Checking defaults for OMX/cmex/m/n on input line 32.
LaTeX Font Info:    ... okay on input line 32.
LaTeX Font Info:    Checking defaults for U/cmr/m/n on input line 32.
LaTeX Font Info:    ... okay on input line 32.
LaTeX Font Info:    Checking defaults for PD1/pdf/m/n on input line 32.
LaTeX Font Info:    ... okay on input line 32.

*geometry* driver: auto-detecting
*geometry* detected driver: pdftex
*geometry* verbose mode - [ preamble ] result:
* driver: pdftex
* paper: custom
* layout: <same size as paper>
* layoutoffset:(h,v)=(0.0pt,0.0pt)
* modes: 
* h-part:(L,W,R)=(72.26999pt, 469.75502pt, 72.26999pt)
* v-part:(T,H,B)=(72.26999pt, 650.43001pt, 72.26999pt)
* \paperwidth=614.295pt
* \paperheight=794.96999pt
* \textwidth=469.75502pt
* \textheight=650.43001pt
* \oddsidemargin=0.0pt
* \evensidemargin=0.0pt
* \topmargin=-37.0pt
* \headheight=12.0pt
* \headsep=25.0pt
* \topskip=12.0pt
* \footskip=30.0pt
* \marginparwidth=44.0pt
* \marginparsep=10.0pt
* \columnsep=10.0pt
* \skip\footins=10.8pt plus 4.0pt minus 2.0pt
* \hoffset=0.0pt
* \voffset=0.0pt
* \mag=1000
* \@twocolumnfalse
* \@twosidefalse
* \@mparswitchfalse
* \@reversemarginfalse
* (1in=72.27pt=25.4mm, 1cm=28.453pt)

("D:\Program Files\tex\context\base\supp-pdf.mkii"
[Loading MPS to PDF converter (version 2006.09.02).]
\scratchcounter=\count113
\scratchdimen=\dimen136
\scratchbox=\box34
\nofMPsegments=\count114
\nofMParguments=\count115
\everyMPshowfont=\toks23
\MPscratchCnt=\count116
\MPscratchDim=\dimen137
\MPnumerator=\count117
\makeMPintoPDFobject=\count118
\everyMPtoPDFconversion=\toks24
) ("D:\Program Files\tex\latex\oberdiek\epstopdf-base.sty"
Package: epstopdf-base 2016/05/15 v2.6 Base part for package epstopdf

("D:\Program Files\tex\latex\oberdiek\grfext.sty"
Package: grfext 2016/05/16 v1.2 Manage graphics extensions (HO)
)
Package epstopdf-base Info: Redefining graphics rule for `.eps' on input line 4
38.
Package grfext Info: Graphics extension search list:
(grfext)             [.png,.pdf,.jpg,.mps,.jpeg,.jbig2,.jb2,.PNG,.PDF,.JPG,.JPE
G,.JBIG2,.JB2,.eps]
(grfext)             \AppendGraphicsExtensions on input line 456.
)
\AtBeginShipoutBox=\box35
Package hyperref Info: Link coloring ON on input line 32.

("D:\Program Files\tex\latex\hyperref\nameref.sty"
Package: nameref 2016/05/21 v2.44 Cross-referencing by name of section

("D:\Program Files\tex\generic\oberdiek\gettitlestring.sty"
Package: gettitlestring 2016/05/16 v1.5 Cleanup title references (HO)
)
\c@section@level=\count119
)
LaTeX Info: Redefining \ref on input line 32.
LaTeX Info: Redefining \pageref on input line 32.
LaTeX Info: Redefining \nameref on input line 32.

(Design_Report_LEaD_Design.out) (Design_Report_LEaD_Design.out)
\@outlinefile=\write3
\openout3 = `Design_Report_LEaD_Design.out'.


("D:\Program Files\tex\latex\oberdiek\pdflscape.sty"
Package: pdflscape 2016/05/14 v0.11 Display of landscape pages in PDF (HO)

("D:\Program Files\tex\latex\graphics\lscape.sty"
Package: lscape 2000/10/22 v3.01 Landscape Pages (DPC)
)
Package pdflscape Info: Auto-detected driver: pdftex on input line 81.
)
Package caption Info: Begin \AtBeginDocument code.
Package caption Info: End \AtBeginDocument code.
LaTeX Font Info:    Try loading font information for U+msa on input line 53.

("D:\Program Files\tex\latex\amsfonts\umsa.fd"
File: umsa.fd 2013/01/14 v3.01 AMS symbols A
)
LaTeX Font Info:    Try loading font information for U+msb on input line 53.

("D:\Program Files\tex\latex\amsfonts\umsb.fd"
File: umsb.fd 2013/01/14 v3.01 AMS symbols B
)
<assets/uislogan.png, id=239, 1203.49625pt x 243.91125pt>
File: assets/uislogan.png Graphic file (type png)

<use assets/uislogan.png>
Package pdftex.def Info: assets/uislogan.png used on input line 68.
(pdftex.def)             Requested size: 328.82707pt x 66.64221pt.
 (Design_Report_LEaD_Design.toc [1

{C:/ProgramData/MiKTeX/2.9/pdftex/config/pdftex.map} <./assets/uislogan.png>] [
2])
\tf@toc=\write4
\openout4 = `Design_Report_LEaD_Design.toc'.

 [3] [4] [5]
LaTeX Font Info:    Try loading font information for OMS+cmr on input line 104.


("D:\Program Files\tex\latex\base\omscmr.fd"
File: omscmr.fd 2014/09/29 v2.5h Standard LaTeX font definitions
)
LaTeX Font Info:    Font shape `OMS/cmr/m/n' in size <12> not available
(Font)              Font shape `OMS/cmsy/m/n' tried instead on input line 104.

Underfull \hbox (badness 10000) in paragraph at lines 104--105

 []


Underfull \hbox (badness 10000) in paragraph at lines 105--106

 []

<assets/Budget_Parts.png, id=327, 986.9372pt x 488.57532pt>
File: assets/Budget_Parts.png Graphic file (type png)

<use assets/Budget_Parts.png>
Package pdftex.def Info: assets/Budget_Parts.png used on input line 113.
(pdftex.def)             Requested size: 455.24408pt x 225.36613pt.
 [6] [7 <./assets/Budget_Parts.png>]
Underfull \hbox (badness 10000) in paragraph at lines 126--127

 []

[8

]
Missing character: There is no â in font cmr12!
Missing character: There is no € in font cmr12!
Missing character: There is no “ in font cmr12!
 [9]
Missing character: There is no â in font cmr12!
Missing character: There is no € in font cmr12!
Missing character: There is no ™ in font cmr12!
 [10] [11] <assets/9V_vs_18650.png, id=357, 561.59813pt x 206.27063pt>
File: assets/9V_vs_18650.png Graphic file (type png)

<use assets/9V_vs_18650.png>
Package pdftex.def Info: assets/9V_vs_18650.png used on input line 268.
(pdftex.def)             Requested size: 341.43306pt x 125.40628pt.

<assets/Series_vs_Parallel.png, id=358, 562.35094pt x 207.77625pt>
File: assets/Series_vs_Parallel.png Graphic file (type png)

<use assets/Series_vs_Parallel.png>
Package pdftex.def Info: assets/Series_vs_Parallel.png used on input line 277.
(pdftex.def)             Requested size: 341.43306pt x 126.15045pt.

<assets/Wood_vs_3D.png, id=359, 560.0925pt x 205.5178pt>
File: assets/Wood_vs_3D.png Graphic file (type png)

<use assets/Wood_vs_3D.png>
Package pdftex.def Info: assets/Wood_vs_3D.png used on input line 286.
(pdftex.def)             Requested size: 341.43306pt x 125.28728pt.
 [12 <./assets/9V_vs_18650.png> <./assets/Series_vs_Parallel.png>] [13 <./asset
s/Wood_vs_3D.png>]
<assets/Proof_Of_Design.png, id=375, 1706.375pt x 2208.25pt>
File: assets/Proof_Of_Design.png Graphic file (type png)

<use assets/Proof_Of_Design.png>
Package pdftex.def Info: assets/Proof_Of_Design.png used on input line 344.
(pdftex.def)             Requested size: 199.15817pt x 227.61066pt.
 [14]
<assets/What_We_Have.png, id=380, 1624.0675pt x 317.185pt>
File: assets/What_We_Have.png Graphic file (type png)

<use assets/What_We_Have.png>
Package pdftex.def Info: assets/What_We_Have.png used on input line 354.
(pdftex.def)             Requested size: 483.69684pt x 94.46413pt.

Overfull \hbox (13.94182pt too wide) in paragraph at lines 354--355
 [][] 
 []

[15 <./assets/Proof_Of_Design.png> <./assets/What_We_Have.png>]
<assets/What_We_Want.png, id=388, 1619.04875pt x 315.1775pt>
File: assets/What_We_Want.png Graphic file (type png)

<use assets/What_We_Want.png>
Package pdftex.def Info: assets/What_We_Want.png used on input line 364.
(pdftex.def)             Requested size: 483.69684pt x 94.15962pt.

Overfull \hbox (13.94182pt too wide) in paragraph at lines 364--365
 [][] 
 []


<assets/PCRunningTowerPlayerFlowChartDiagram.png, id=389, 1141.26375pt x 787.94
376pt>
File: assets/PCRunningTowerPlayerFlowChartDiagram.png Graphic file (type png)
 <use assets/PCRunningTowerPlayerFlowChartDiagram.png>
Package pdftex.def Info: assets/PCRunningTowerPlayerFlowChartDiagram.png used o
n input line 374.
(pdftex.def)             Requested size: 426.79134pt x 294.66061pt.
 [16 <./assets/What_We_Want.png> <./assets/PCRunningTowerPlayerFlowChartDiagram
.png>]
Underfull \hbox (badness 10000) in paragraph at lines 385--391

 []


Underfull \hbox (badness 10000) in paragraph at lines 385--391

 []


Underfull \hbox (badness 10000) in paragraph at lines 385--391

 []


Underfull \hbox (badness 10000) in paragraph at lines 385--391

 []


Underfull \hbox (badness 10000) in paragraph at lines 385--391

 []

[17

]
Overfull \hbox (3.15822pt too wide) in paragraph at lines 402--403
\OT1/cmr/bx/n/12 TowerArduinoProgram: \OT1/cmr/m/n/12 Pro-gram was tested by ru
n-ning out de-bug-ging in-for-ma-tion within
 []

[18] [19] [20]
<assets/9-14_Project_Agenda_1.jpg, id=414, 1523.6925pt x 2031.59pt>
File: assets/9-14_Project_Agenda_1.jpg Graphic file (type jpg)

<use assets/9-14_Project_Agenda_1.jpg>
Package pdftex.def Info: assets/9-14_Project_Agenda_1.jpg used on input line 43
9.
(pdftex.def)             Requested size: 284.52756pt x 379.34122pt.

<assets/9-14_Project_Agenda_2.jpg, id=415, 2031.59pt x 1523.6925pt>
File: assets/9-14_Project_Agenda_2.jpg Graphic file (type jpg)

<use assets/9-14_Project_Agenda_2.jpg>
Package pdftex.def Info: assets/9-14_Project_Agenda_2.jpg used on input line 44
5.
(pdftex.def)             Requested size: 284.52756pt x 213.38524pt.

<assets/Lightbar_Model.jpg, id=416, 1245.9047pt x 490.83376pt>
File: assets/Lightbar_Model.jpg Graphic file (type jpg)

<use assets/Lightbar_Model.jpg>
Package pdftex.def Info: assets/Lightbar_Model.jpg used on input line 453.
(pdftex.def)             Requested size: 483.69684pt x 190.5556pt.

Overfull \hbox (13.94182pt too wide) in paragraph at lines 453--454
 [][] 
 []

[21 <./assets/9-14_Project_Agenda_1.jpg>] [22 <./assets/9-14_Project_Agenda_2.j
pg> <./assets/Lightbar_Model.jpg>]
<assets/Arduino_Receiver_Diagram.png, id=428, 1021.56656pt x 461.47406pt>
File: assets/Arduino_Receiver_Diagram.png Graphic file (type png)

<use assets/Arduino_Receiver_Diagram.png>
Package pdftex.def Info: assets/Arduino_Receiver_Diagram.png used on input line
 465.
(pdftex.def)             Requested size: 398.33142pt x 170.71455pt.

<assets/circuit.png, id=429, 875.27pt x 471.7625pt>
File: assets/circuit.png Graphic file (type png)
 <use assets/circuit.png>
Package pdftex.def Info: assets/circuit.png used on input line 472.
(pdftex.def)             Requested size: 398.34196pt x 170.71977pt.

<assets/9V_Battery.jpg, id=430, 1385.175pt x 849.1725pt>
File: assets/9V_Battery.jpg Graphic file (type jpg)

<use assets/9V_Battery.jpg>
Package pdftex.def Info: assets/9V_Battery.jpg used on input line 480.
(pdftex.def)             Requested size: 398.32983pt x 227.6211pt.
 [23

 <./assets/Arduino_Receiver_Diagram.png> <./assets/circuit.png>] <assets/18650_
Battery.jpg, id=439, 1385.175pt x 852.18375pt>
File: assets/18650_Battery.jpg Graphic file (type jpg)

<use assets/18650_Battery.jpg>
Package pdftex.def Info: assets/18650_Battery.jpg used on input line 486.
(pdftex.def)             Requested size: 398.32983pt x 227.62206pt.

<assets/SeriesLED.jpg, id=440, 389.2725pt x 225.6795pt>
File: assets/SeriesLED.jpg Graphic file (type jpg)

<use assets/SeriesLED.jpg>
Package pdftex.def Info: assets/SeriesLED.jpg used on input line 494.
(pdftex.def)             Requested size: 392.63347pt x 227.62204pt.

<assets/ParallelLED.jpg, id=441, 514.17094pt x 417.81094pt>
File: assets/ParallelLED.jpg Graphic file (type jpg)

<use assets/ParallelLED.jpg>
Package pdftex.def Info: assets/ParallelLED.jpg used on input line 500.
(pdftex.def)             Requested size: 280.12738pt x 227.62204pt.

<assets/3_General_Specifications.pdf, id=442, 614.295pt x 794.97pt>
File: assets/3_General_Specifications.pdf Graphic file (type pdf)

<use assets/3_General_Specifications.pdf>
Package pdftex.def Info: assets/3_General_Specifications.pdf used on input line
 508.
(pdftex.def)             Requested size: 227.62303pt x 256.0817pt.
 [24 <./assets/9V_Battery.jpg> <./assets/18650_Battery.jpg>] <assets/Zigbee.png
, id=449, 939.51pt x 857.2025pt>
File: assets/Zigbee.png Graphic file (type png)

<use assets/Zigbee.png>
Package pdftex.def Info: assets/Zigbee.png used on input line 516.
(pdftex.def)             Requested size: 249.47072pt x 227.62204pt.
 [25 <./assets/SeriesLED.jpg> <./assets/ParallelLED.jpg>] <assets/Gantt_Chart_S
hedule.png, id=457, 1192.455pt x 464.4853pt>
File: assets/Gantt_Chart_Shedule.png Graphic file (type png)

<use assets/Gantt_Chart_Shedule.png>
Package pdftex.def Info: assets/Gantt_Chart_Shedule.png used on input line 524.

(pdftex.def)             Requested size: 483.69684pt x 188.4061pt.

Overfull \hbox (13.94182pt too wide) in paragraph at lines 524--525
 [][] 
 []

[26 <./assets/3_General_Specifications.pdf

pdfTeX warning: miktex-pdftex.exe (file ./assets/3_General_Specifications.pdf):
 PDF inclusion: invalid other resource which is no dict (key 'ProcSets', type <
array>); ignored.
> <./assets/Zigbee.png>]
<assets/Bill_of_Materials_Pg1.png, id=472, 505.89pt x 585.68813pt>
File: assets/Bill_of_Materials_Pg1.png Graphic file (type png)

<use assets/Bill_of_Materials_Pg1.png>
Package pdftex.def Info: assets/Bill_of_Materials_Pg1.png used on input line 53
3.
(pdftex.def)             Requested size: 483.69684pt x 560.00212pt.

Overfull \hbox (13.94182pt too wide) in paragraph at lines 533--534
 [][] 
 []

<assets/Bill_of_Materials_Pg2.png, id=473, 535.2497pt x 580.41844pt>
File: assets/Bill_of_Materials_Pg2.png Graphic file (type png)

<use assets/Bill_of_Materials_Pg2.png>
Package pdftex.def Info: assets/Bill_of_Materials_Pg2.png used on input line 53
9.
(pdftex.def)             Requested size: 483.69684pt x 524.54161pt.

Overfull \hbox (13.94182pt too wide) in paragraph at lines 539--540
 [][] 
 []

<assets/prototype.jpg, id=474, 3044.37375pt x 1634.105pt>
File: assets/prototype.jpg Graphic file (type jpg)

<use assets/prototype.jpg>
Package pdftex.def Info: assets/prototype.jpg used on input line 548.
(pdftex.def)             Requested size: 199.16928pt x 106.89378pt.

<assets/HardwareList.jpg, id=475, 1067.48813pt x 1374.63562pt>
File: assets/HardwareList.jpg Graphic file (type jpg)

<use assets/HardwareList.jpg>
Package pdftex.def Info: assets/HardwareList.jpg used on input line 557.
(pdftex.def)             Requested size: 312.9803pt x 403.03893pt.
 [27 <./assets/Gantt_Chart_Shedule.png>] [28 <./assets/Bill_of_Materials_Pg1.pn
g>] [29 <./assets/Bill_of_Materials_Pg2.png>]
[30 <./assets/prototype.jpg> <./assets/HardwareList.jpg>] [31

]
<assets/Xbee_DataSheet.jpg, id=505, 561.59813pt x 586.44093pt>
File: assets/Xbee_DataSheet.jpg Graphic file (type jpg)

<use assets/Xbee_DataSheet.jpg>
Package pdftex.def Info: assets/Xbee_DataSheet.jpg used on input line 575.
(pdftex.def)             Requested size: 476.82936pt x 497.92322pt.

Overfull \hbox (7.07434pt too wide) in paragraph at lines 575--576
 [][] 
 []

<assets/Atmega_DataSheet.jpg, id=506, 475.7775pt x 347.79938pt>
File: assets/Atmega_DataSheet.jpg Graphic file (type jpg)

<use assets/Atmega_DataSheet.jpg>
Package pdftex.def Info: assets/Atmega_DataSheet.jpg used on input line 582.
(pdftex.def)             Requested size: 355.65944pt x 260.00508pt.
 [32 <./assets/Xbee_DataSheet.jpg>]
<assets/Atmega_DataSheet2.jpg, id=512, 472.01344pt x 310.15875pt>
File: assets/Atmega_DataSheet2.jpg Graphic file (type jpg)

<use assets/Atmega_DataSheet2.jpg>
Package pdftex.def Info: assets/Atmega_DataSheet2.jpg used on input line 588.
(pdftex.def)             Requested size: 355.65944pt x 233.70699pt.
 [33 <./assets/Atmega_DataSheet.jpg> <./assets/Atmega_DataSheet2.jpg>]
<assets/Xbee_Shield_DataSheet.jpg, id=519, 715.17188pt x 534.49687pt>
File: assets/Xbee_Shield_DataSheet.jpg Graphic file (type jpg)

<use assets/Xbee_Shield_DataSheet.jpg>
Package pdftex.def Info: assets/Xbee_Shield_DataSheet.jpg used on input line 59
7.
(pdftex.def)             Requested size: 494.94232pt x 369.88582pt.

Overfull \hbox (25.1873pt too wide) in paragraph at lines 597--598
 [][] 
 []

[34

 <./assets/Xbee_Shield_DataSheet.jpg>]
<assets/9V_Battery_DataSheet.jpg, id=525, 444.91219pt x 612.78937pt>
File: assets/9V_Battery_DataSheet.jpg Graphic file (type jpg)

<use assets/9V_Battery_DataSheet.jpg>
Package pdftex.def Info: assets/9V_Battery_DataSheet.jpg used on input line 606
.
(pdftex.def)             Requested size: 413.1802pt x 569.05511pt.
 [35

 <./assets/9V_Battery_DataSheet.jpg>]
Overfull \hbox (5.87373pt too wide) in paragraph at lines 615--631
[]
 []


Underfull \hbox (badness 10000) in paragraph at lines 615--631

 []

<assets/Gantt_Chart_Shedule_Planned.png, id=531, 1333.23094pt x 517.18219pt>
File: assets/Gantt_Chart_Shedule_Planned.png Graphic file (type png)

<use assets/Gantt_Chart_Shedule_Planned.png>
Package pdftex.def Info: assets/Gantt_Chart_Shedule_Planned.png used on input l
ine 636.
(pdftex.def)             Requested size: 512.1461pt x 284.53789pt.

Overfull \hbox (42.39108pt too wide) in paragraph at lines 636--637
 [][] 
 []

<assets/Gantt_Chart_Shedule_Executed.png, id=532, 1333.23094pt x 472.01344pt>
File: assets/Gantt_Chart_Shedule_Executed.png Graphic file (type png)

<use assets/Gantt_Chart_Shedule_Executed.png>
Package pdftex.def Info: assets/Gantt_Chart_Shedule_Executed.png used on input 
line 644.
(pdftex.def)             Requested size: 512.1461pt x 284.52827pt.

Overfull \hbox (42.39108pt too wide) in paragraph at lines 644--645
 [][] 
 []

[36

]

LaTeX Warning: Text page 37 contains only floats.


Overfull \vbox (3.63612pt too high) has occurred while \output is active []


[37 <./assets/Gantt_Chart_Shedule_Planned.png> <./assets/Gantt_Chart_Shedule_Ex
ecuted.png>]

pdfTeX warning: miktex-pdftex.exe (file ./assets/DFMEA_LEaD_Design_PDF.pdf): PD
F inclusion: found PDF version <1.7>, but at most version <1.5> allowed
<assets/DFMEA_LEaD_Design_PDF.pdf, id=546, 614.295pt x 794.97pt>
File: assets/DFMEA_LEaD_Design_PDF.pdf Graphic file (type pdf)

<use assets/DFMEA_LEaD_Design_PDF.pdf>
Package pdftex.def Info: assets/DFMEA_LEaD_Design_PDF.pdf used on input line 65
3.
(pdftex.def)             Requested size: 614.29349pt x 794.96806pt.


pdfTeX warning: miktex-pdftex.exe (file ./assets/DFMEA_LEaD_Design_PDF.pdf): PD
F inclusion: found PDF version <1.7>, but at most version <1.5> allowed
File: assets/DFMEA_LEaD_Design_PDF.pdf Graphic file (type pdf)
<use assets/DFMEA_LEaD_Design_PDF.pdf>
Package pdftex.def Info: assets/DFMEA_LEaD_Design_PDF.pdf used on input line 65
3.
(pdftex.def)             Requested size: 614.29349pt x 794.96806pt.


pdfTeX warning: miktex-pdftex.exe (file ./assets/DFMEA_LEaD_Design_PDF.pdf): PD
F inclusion: found PDF version <1.7>, but at most version <1.5> allowed


pdfTeX warning: miktex-pdftex.exe (file ./assets/DFMEA_LEaD_Design_PDF.pdf): PD
F inclusion: found PDF version <1.7>, but at most version <1.5> allowed
<assets/DFMEA_LEaD_Design_PDF.pdf, id=549, page=1, 614.295pt x 794.97pt>
File: assets/DFMEA_LEaD_Design_PDF.pdf Graphic file (type pdf)

<use assets/DFMEA_LEaD_Design_PDF.pdf, page 1>
Package pdftex.def Info: assets/DFMEA_LEaD_Design_PDF.pdf, page1 used on input 
line 653.
(pdftex.def)             Requested size: 614.29349pt x 794.96806pt.
File: assets/DFMEA_LEaD_Design_PDF.pdf Graphic file (type pdf)

<use assets/DFMEA_LEaD_Design_PDF.pdf, page 1>
Package pdftex.def Info: assets/DFMEA_LEaD_Design_PDF.pdf, page1 used on input 
line 653.
(pdftex.def)             Requested size: 614.29349pt x 794.96806pt.
 [38

]
File: assets/DFMEA_LEaD_Design_PDF.pdf Graphic file (type pdf)

<use assets/DFMEA_LEaD_Design_PDF.pdf, page 1>
Package pdftex.def Info: assets/DFMEA_LEaD_Design_PDF.pdf, page1 used on input 
line 653.
(pdftex.def)             Requested size: 614.29349pt x 794.96806pt.
File: assets/DFMEA_LEaD_Design_PDF.pdf Graphic file (type pdf)

<use assets/DFMEA_LEaD_Design_PDF.pdf, page 1>
Package pdftex.def Info: assets/DFMEA_LEaD_Design_PDF.pdf, page1 used on input 
line 653.
(pdftex.def)             Requested size: 614.29349pt x 794.96806pt.


Package caption Warning: The option `hypcap=true' will be ignored for this
(caption)                particular \caption on input line 653.
See the caption package documentation for explanation.

File: assets/DFMEA_LEaD_Design_PDF.pdf Graphic file (type pdf)
<use assets/DFMEA_LEaD_Design_PDF.pdf, page 1>
Package pdftex.def Info: assets/DFMEA_LEaD_Design_PDF.pdf, page1 used on input 
line 653.
(pdftex.def)             Requested size: 614.29349pt x 794.96806pt.
 [39 <./assets/DFMEA_LEaD_Design_PDF.pdf>]

pdfTeX warning: miktex-pdftex.exe (file ./assets/DFMEA_LEaD_Design_PDF.pdf): PD
F inclusion: found PDF version <1.7>, but at most version <1.5> allowed
<assets/DFMEA_LEaD_Design_PDF.pdf, id=571, page=2, 614.295pt x 794.97pt>
File: assets/DFMEA_LEaD_Design_PDF.pdf Graphic file (type pdf)

<use assets/DFMEA_LEaD_Design_PDF.pdf, page 2>
Package pdftex.def Info: assets/DFMEA_LEaD_Design_PDF.pdf, page2 used on input 
line 653.
(pdftex.def)             Requested size: 614.29349pt x 794.96806pt.
File: assets/DFMEA_LEaD_Design_PDF.pdf Graphic file (type pdf)

<use assets/DFMEA_LEaD_Design_PDF.pdf, page 2>
Package pdftex.def Info: assets/DFMEA_LEaD_Design_PDF.pdf, page2 used on input 
line 653.
(pdftex.def)             Requested size: 614.29349pt x 794.96806pt.


Package caption Warning: The option `hypcap=true' will be ignored for this
(caption)                particular \caption on input line 653.
See the caption package documentation for explanation.

File: assets/DFMEA_LEaD_Design_PDF.pdf Graphic file (type pdf)
<use assets/DFMEA_LEaD_Design_PDF.pdf, page 2>
Package pdftex.def Info: assets/DFMEA_LEaD_Design_PDF.pdf, page2 used on input 
line 653.
(pdftex.def)             Requested size: 614.29349pt x 794.96806pt.
 [40 <./assets/DFMEA_LEaD_Design_PDF.pdf>]

pdfTeX warning: miktex-pdftex.exe (file ./assets/DFMEA_LEaD_Design_PDF.pdf): PD
F inclusion: found PDF version <1.7>, but at most version <1.5> allowed
<assets/DFMEA_LEaD_Design_PDF.pdf, id=578, page=3, 614.295pt x 794.97pt>
File: assets/DFMEA_LEaD_Design_PDF.pdf Graphic file (type pdf)

<use assets/DFMEA_LEaD_Design_PDF.pdf, page 3>
Package pdftex.def Info: assets/DFMEA_LEaD_Design_PDF.pdf, page3 used on input 
line 653.
(pdftex.def)             Requested size: 614.29349pt x 794.96806pt.
File: assets/DFMEA_LEaD_Design_PDF.pdf Graphic file (type pdf)

<use assets/DFMEA_LEaD_Design_PDF.pdf, page 3>
Package pdftex.def Info: assets/DFMEA_LEaD_Design_PDF.pdf, page3 used on input 
line 653.
(pdftex.def)             Requested size: 614.29349pt x 794.96806pt.


Package caption Warning: The option `hypcap=true' will be ignored for this
(caption)                particular \caption on input line 653.
See the caption package documentation for explanation.

File: assets/DFMEA_LEaD_Design_PDF.pdf Graphic file (type pdf)
<use assets/DFMEA_LEaD_Design_PDF.pdf, page 3>
Package pdftex.def Info: assets/DFMEA_LEaD_Design_PDF.pdf, page3 used on input 
line 653.
(pdftex.def)             Requested size: 614.29349pt x 794.96806pt.
 [41 <./assets/DFMEA_LEaD_Design_PDF.pdf>]

pdfTeX warning: miktex-pdftex.exe (file ./assets/DFMEA_LEaD_Design_PDF.pdf): PD
F inclusion: found PDF version <1.7>, but at most version <1.5> allowed
<assets/DFMEA_LEaD_Design_PDF.pdf, id=585, page=4, 614.295pt x 794.97pt>
File: assets/DFMEA_LEaD_Design_PDF.pdf Graphic file (type pdf)

<use assets/DFMEA_LEaD_Design_PDF.pdf, page 4>
Package pdftex.def Info: assets/DFMEA_LEaD_Design_PDF.pdf, page4 used on input 
line 653.
(pdftex.def)             Requested size: 614.29349pt x 794.96806pt.
File: assets/DFMEA_LEaD_Design_PDF.pdf Graphic file (type pdf)

<use assets/DFMEA_LEaD_Design_PDF.pdf, page 4>
Package pdftex.def Info: assets/DFMEA_LEaD_Design_PDF.pdf, page4 used on input 
line 653.
(pdftex.def)             Requested size: 614.29349pt x 794.96806pt.


Package caption Warning: The option `hypcap=true' will be ignored for this
(caption)                particular \caption on input line 653.
See the caption package documentation for explanation.

File: assets/DFMEA_LEaD_Design_PDF.pdf Graphic file (type pdf)
<use assets/DFMEA_LEaD_Design_PDF.pdf, page 4>
Package pdftex.def Info: assets/DFMEA_LEaD_Design_PDF.pdf, page4 used on input 
line 653.
(pdftex.def)             Requested size: 614.29349pt x 794.96806pt.
 [42 <./assets/DFMEA_LEaD_Design_PDF.pdf>]

pdfTeX warning: miktex-pdftex.exe (file ./assets/DFMEA_LEaD_Design_PDF.pdf): PD
F inclusion: found PDF version <1.7>, but at most version <1.5> allowed
<assets/DFMEA_LEaD_Design_PDF.pdf, id=599, page=5, 614.295pt x 794.97pt>
File: assets/DFMEA_LEaD_Design_PDF.pdf Graphic file (type pdf)

<use assets/DFMEA_LEaD_Design_PDF.pdf, page 5>
Package pdftex.def Info: assets/DFMEA_LEaD_Design_PDF.pdf, page5 used on input 
line 653.
(pdftex.def)             Requested size: 614.29349pt x 794.96806pt.
File: assets/DFMEA_LEaD_Design_PDF.pdf Graphic file (type pdf)

<use assets/DFMEA_LEaD_Design_PDF.pdf, page 5>
Package pdftex.def Info: assets/DFMEA_LEaD_Design_PDF.pdf, page5 used on input 
line 653.
(pdftex.def)             Requested size: 614.29349pt x 794.96806pt.


Package caption Warning: The option `hypcap=true' will be ignored for this
(caption)                particular \caption on input line 653.
See the caption package documentation for explanation.

File: assets/DFMEA_LEaD_Design_PDF.pdf Graphic file (type pdf)
<use assets/DFMEA_LEaD_Design_PDF.pdf, page 5>
Package pdftex.def Info: assets/DFMEA_LEaD_Design_PDF.pdf, page5 used on input 
line 653.
(pdftex.def)             Requested size: 614.29349pt x 794.96806pt.
 [43 <./assets/DFMEA_LEaD_Design_PDF.pdf>]

pdfTeX warning: miktex-pdftex.exe (file ./assets/DFMEA_LEaD_Design_PDF.pdf): PD
F inclusion: found PDF version <1.7>, but at most version <1.5> allowed
<assets/DFMEA_LEaD_Design_PDF.pdf, id=607, page=6, 614.295pt x 794.97pt>
File: assets/DFMEA_LEaD_Design_PDF.pdf Graphic file (type pdf)

<use assets/DFMEA_LEaD_Design_PDF.pdf, page 6>
Package pdftex.def Info: assets/DFMEA_LEaD_Design_PDF.pdf, page6 used on input 
line 653.
(pdftex.def)             Requested size: 614.29349pt x 794.96806pt.
File: assets/DFMEA_LEaD_Design_PDF.pdf Graphic file (type pdf)

<use assets/DFMEA_LEaD_Design_PDF.pdf, page 6>
Package pdftex.def Info: assets/DFMEA_LEaD_Design_PDF.pdf, page6 used on input 
line 653.
(pdftex.def)             Requested size: 614.29349pt x 794.96806pt.


Package caption Warning: The option `hypcap=true' will be ignored for this
(caption)                particular \caption on input line 653.
See the caption package documentation for explanation.

File: assets/DFMEA_LEaD_Design_PDF.pdf Graphic file (type pdf)
<use assets/DFMEA_LEaD_Design_PDF.pdf, page 6>
Package pdftex.def Info: assets/DFMEA_LEaD_Design_PDF.pdf, page6 used on input 
line 653.
(pdftex.def)             Requested size: 614.29349pt x 794.96806pt.
 [44 <./assets/DFMEA_LEaD_Design_PDF.pdf>]
Package atveryend Info: Empty hook `BeforeClearDocument' on input line 660.
 [45]
Package atveryend Info: Empty hook `AfterLastShipout' on input line 660.
 (Design_Report_LEaD_Design.aux)
Package atveryend Info: Executing hook `AtVeryEndDocument' on input line 660.
Package atveryend Info: Executing hook `AtEndAfterFileList' on input line 660.
Package rerunfilecheck Info: File `Design_Report_LEaD_Design.out' has not chang
ed.
(rerunfilecheck)             Checksum: 8B6A0A77AA4736402F54AA9383D2DE0B;4039.


LaTeX Warning: There were multiply-defined labels.

Package atveryend Info: Empty hook `AtVeryVeryEnd' on input line 660.
 )
(\end occurred inside a group at level 4)

### simple group (level 4) entered at line 302 ({)
### simple group (level 3) entered at line 214 ({)
### simple group (level 2) entered at line 191 ({)
### simple group (level 1) entered at line 144 ({)
### bottom level 
Here is how much of TeX's memory you used:
 9318 strings out of 493333
 139754 string characters out of 3143935
 334911 words of memory out of 3000000
 12545 multiletter control sequences out of 15000+200000
 14064 words of font info for 54 fonts, out of 3000000 for 9000
 1141 hyphenation exceptions out of 8191
 40i,19n,49p,1625b,977s stack positions out of 5000i,500n,10000p,200000b,50000s
<D:/Program Files/fonts/type1/public/amsfonts/cm/cmbx12.pfb><D:
/Program Files/fonts/type1/public/amsfonts/cm/cmcsc10.pfb><D:/Program Files/fon
ts/type1/public/amsfonts/cm/cmr12.pfb><D:/Program Files/fonts/type1/public/amsf
onts/cm/cmsy10.pfb><D:/Program Files/fonts/type1/public/amsfonts/cm/cmti12.pfb>

Output written on Design_Report_LEaD_Design.pdf (45 pages, 5416983 bytes).
PDF statistics:
 668 PDF objects out of 1000 (max. 8388607)
 144 named destinations out of 1000 (max. 500000)
 678 words of extra memory for PDF output out of 10000 (max. 10000000)

